Log file open, 01/25/19 20:36:58
LogWindows: Failed to load 'aqProf.dll' (GetLastError=126)
LogWindows: File 'aqProf.dll' does not exist
LogWindows: Failed to load 'VtuneApi.dll' (GetLastError=126)
LogWindows: File 'VtuneApi.dll' does not exist
LogWindows: Failed to load 'VtuneApi32e.dll' (GetLastError=126)
LogWindows: File 'VtuneApi32e.dll' does not exist
LogConsoleResponse: Display: Failed to find resolution value strings in scalability ini. Falling back to default.
LogInit: Display: Running engine for game: BengHouse
LogPakFile: Registered encryption key '00000000000000000000000000000000': 0 pak files mounted, 0 remain pending
LogPlatformFile: Not using cached read wrapper
LogTaskGraph: Started task graph with 5 named threads and 23 total threads with 3 sets of task threads.
LogStats: Stats thread started at 0.311820
LogD3D11RHI: Loaded GFSDK_Aftermath_Lib.x64.dll
LogICUInternationalization: ICU TimeZone Detection - Raw Offset: +1:00, Platform Override: ''
LogPluginManager: Mounting plugin Paper2D
LogPluginManager: Mounting plugin AISupport
LogPluginManager: Mounting plugin LightPropagationVolume
LogPluginManager: Mounting plugin ActorLayerUtilities
LogPluginManager: Mounting plugin CLionSourceCodeAccess
LogPluginManager: Mounting plugin CodeLiteSourceCodeAccess
LogPluginManager: Mounting plugin GitSourceControl
LogPluginManager: Mounting plugin KDevelopSourceCodeAccess
LogPluginManager: Mounting plugin NullSourceCodeAccess
LogPluginManager: Mounting plugin PerforceSourceControl
LogPluginManager: Mounting plugin SubversionSourceControl
LogPluginManager: Mounting plugin UObjectPlugin
LogPluginManager: Mounting plugin VisualStudioCodeSourceCodeAccess
LogPluginManager: Mounting plugin VisualStudioSourceCodeAccess
LogPluginManager: Mounting plugin XCodeSourceCodeAccess
LogPluginManager: Mounting plugin AssetManagerEditor
LogPluginManager: Mounting plugin CryptoKeys
LogPluginManager: Mounting plugin DataValidation
LogPluginManager: Mounting plugin FacialAnimation
LogPluginManager: Mounting plugin GameplayTagsEditor
LogPluginManager: Mounting plugin MacGraphicsSwitching
LogPluginManager: Mounting plugin MeshEditor
LogPluginManager: Mounting plugin MobileLauncherProfileWizard
LogPluginManager: Mounting plugin PluginBrowser
LogPluginManager: Mounting plugin SpeedTreeImporter
LogPluginManager: Mounting plugin DatasmithContent
LogPluginManager: Mounting plugin VariantManagerContent
LogPluginManager: Mounting plugin AlembicImporter
LogPluginManager: Mounting plugin AppleImageUtils
LogPluginManager: Mounting plugin AppleVision
LogPluginManager: Mounting plugin BackChannel
LogPluginManager: Mounting plugin CharacterAI
LogPluginManager: Mounting plugin GeometryCache
LogPluginManager: Mounting plugin HTML5Networking
LogPluginManager: Mounting plugin ProxyLODPlugin
LogPluginManager: Mounting plugin MagicLeap
LogPluginManager: Mounting plugin MagicLeapMedia
LogPluginManager: Mounting plugin AndroidMedia
LogPluginManager: Mounting plugin AvfMedia
LogPluginManager: Mounting plugin ImgMedia
LogPluginManager: Mounting plugin LinearTimecode
LogPluginManager: Mounting plugin MediaCompositing
LogPluginManager: Mounting plugin MediaPlayerEditor
LogPluginManager: Mounting plugin WebMMedia
LogPluginManager: Mounting plugin WmfMedia
LogPluginManager: Mounting plugin TcpMessaging
LogPluginManager: Mounting plugin UdpMessaging
LogPluginManager: Mounting plugin ActorSequence
LogPluginManager: Mounting plugin LevelSequenceEditor
LogPluginManager: Mounting plugin MatineeToLevelSequence
LogPluginManager: Mounting plugin NetcodeUnitTest
LogPluginManager: Mounting plugin NUTUnrealEngine4
LogPluginManager: Mounting plugin OnlineSubsystemGooglePlay
LogPluginManager: Mounting plugin OnlineSubsystemIOS
LogPluginManager: Mounting plugin OnlineSubsystem
LogPluginManager: Mounting plugin OnlineSubsystemNull
LogPluginManager: Mounting plugin OnlineSubsystemUtils
LogPluginManager: Mounting plugin LauncherChunkInstaller
LogPluginManager: Mounting plugin AndroidDeviceProfileSelector
LogPluginManager: Mounting plugin AndroidMoviePlayer
LogPluginManager: Mounting plugin AndroidPermission
LogPluginManager: Mounting plugin AppleMoviePlayer
LogPluginManager: Mounting plugin ArchVisCharacter
LogPluginManager: Mounting plugin AudioCapture
LogPluginManager: Mounting plugin CableComponent
LogPluginManager: Mounting plugin CustomMeshComponent
LogPluginManager: Mounting plugin EditableMesh
LogPluginManager: Mounting plugin ExampleDeviceProfileSelector
LogPluginManager: Mounting plugin Firebase
LogPluginManager: Mounting plugin GoogleCloudMessaging
LogPluginManager: Mounting plugin IOSDeviceProfileSelector
LogPluginManager: Mounting plugin LinuxDeviceProfileSelector
LogPluginManager: Mounting plugin LocationServicesBPLibrary
LogPluginManager: Mounting plugin MobilePatchingUtils
LogPluginManager: Mounting plugin OculusVR
LogPluginManager: Mounting plugin PhysXVehicles
LogPluginManager: Mounting plugin ProceduralMeshComponent
LogPluginManager: Mounting plugin RuntimePhysXCooking
LogPluginManager: Mounting plugin SteamVR
LogPluginManager: Mounting plugin WebMMoviePlayer
LogPluginManager: Mounting plugin WindowsMoviePlayer
LogStreaming: Display: Took  0.133s to configure plugins.
LogInit: Using libcurl 7.55.1-DEV
LogInit:  - built for x86_64-pc-win32
LogInit:  - supports SSL with OpenSSL/1.0.2h
LogInit:  - supports HTTP deflate (compression) using libz 1.2.8
LogInit:  - other features:
LogInit:      CURL_VERSION_SSL
LogInit:      CURL_VERSION_LIBZ
LogInit:      CURL_VERSION_IPV6
LogInit:      CURL_VERSION_ASYNCHDNS
LogInit:      CURL_VERSION_LARGEFILE
LogInit:      CURL_VERSION_IDN
LogInit:  CurlRequestOptions (configurable via config and command line):
LogInit:  - bVerifyPeer = true  - Libcurl will verify peer certificate
LogInit:  - bUseHttpProxy = false  - Libcurl will NOT use HTTP proxy
LogInit:  - bDontReuseConnections = false  - Libcurl will reuse connections
LogInit:  - MaxHostConnections = 16  - Libcurl will limit the number of connections to a host
LogInit:  - LocalHostAddr = Default
LogInit:  - BufferSize = 65536
LogInit: WinSock: version 1.1 (2.2), MaxSocks=32767, MaxUdp=65467
LogInit: Build: ++UE4+Release-4.21-CL-4753647
LogInit: Engine Version: 4.21.2-4753647+++UE4+Release-4.21
LogInit: Compatible Engine Version: 4.21.0-4541578+++UE4+Release-4.21
LogInit: Net CL: 4541578
LogInit: OS: Windows 10 (), CPU: Intel(R) Core(TM) i7-6700HQ CPU @ 2.60GHz, GPU: Intel(R) HD Graphics 530
LogInit: Compiled (64-bit): Jan 19 2019 02:07:31
LogInit: Compiled with Visual C++: 19.13.26129.00
LogInit: Build Configuration: Development
LogInit: Branch Name: ++UE4+Release-4.21
LogInit: Command Line: 
LogInit: Base Directory: D:/Unreal/UE_4.21/Engine/Binaries/Win64/
LogInit: Installed Engine Build: 1
LogDevObjectVersion: Number of dev versions registered: 22
LogDevObjectVersion:   Dev-Blueprints (B0D832E4-1F89-4F0D-ACCF-7EB736FD4AA2): 10
LogDevObjectVersion:   Dev-Build (E1C64328-A22C-4D53-A36C-8E866417BD8C): 0
LogDevObjectVersion:   Dev-Core (375EC13C-06E4-48FB-B500-84F0262A717E): 2
LogDevObjectVersion:   Dev-Editor (E4B068ED-F494-42E9-A231-DA0B2E46BB41): 26
LogDevObjectVersion:   Dev-Framework (CFFC743F-43B0-4480-9391-14DF171D2073): 34
LogDevObjectVersion:   Dev-Mobile (B02B49B5-BB20-44E9-A304-32B752E40360): 2
LogDevObjectVersion:   Dev-Networking (A4E4105C-59A1-49B5-A7C5-40C4547EDFEE): 0
LogDevObjectVersion:   Dev-Online (39C831C9-5AE6-47DC-9A44-9C173E1C8E7C): 0
LogDevObjectVersion:   Dev-Physics (78F01B33-EBEA-4F98-B9B4-84EACCB95AA2): 0
LogDevObjectVersion:   Dev-Platform (6631380F-2D4D-43E0-8009-CF276956A95A): 0
LogDevObjectVersion:   Dev-Rendering (12F88B9F-8875-4AFC-A67C-D90C383ABD29): 27
LogDevObjectVersion:   Dev-Sequencer (7B5AE74C-D270-4C10-A958-57980B212A5A): 9
LogDevObjectVersion:   Dev-VR (D7296918-1DD6-4BDD-9DE2-64A83CC13884): 2
LogDevObjectVersion:   Dev-LoadTimes (C2A15278-BFE7-4AFE-6C17-90FF531DF755): 1
LogDevObjectVersion:   Private-Geometry (6EACA3D4-40EC-4CC1-B786-8BED09428FC5): 3
LogDevObjectVersion:   Dev-AnimPhys (29E575DD-E0A3-4627-9D10-D276232CDCEA): 17
LogDevObjectVersion:   Dev-Anim (AF43A65D-7FD3-4947-9873-3E8ED9C1BB05): 2
LogDevObjectVersion:   Dev-ReflectionCapture (6B266CEC-1EC7-4B8F-A30B-E4D90942FC07): 1
LogDevObjectVersion:   Dev-Automation (0DF73D61-A23F-47EA-B727-89E90C41499A): 1
LogDevObjectVersion:   FortniteMain (601D1886-AC64-4F84-AA16-D3DE0DEAC7D6): 17
LogDevObjectVersion:   Dev-Enterprise (9DFFBCD6-494F-0158-E221-12823C92A888): 4
LogDevObjectVersion:   Dev-Niagara (F2AED0AC-9AFE-416F-8664-AA7FFA26D6FC): 1
LogStreaming: Display: Took  0.000s to delete old logs.
LogInit: Presizing for max 8388607 objects, including 0 objects not considered by GC, pre-allocating 0 bytes for permanent pool.
LogInit: Object subsystem initialized
LogConfig: Setting CVar [[con.DebugEarlyDefault:1]]
LogConfig: Setting CVar [[r.setres:1280x720]]
[2019.01.25-19.36.58:927][  0]LogConfig: Setting CVar [[r.VSync:0]]
[2019.01.25-19.36.58:927][  0]LogConfig: Setting CVar [[r.RHICmdBypass:0]]
[2019.01.25-19.36.58:927][  0]LogConfig: Applying CVar settings from Section [/Script/Engine.RendererSettings] File [C:/Users/Nozynski/Documents/Jamming/Saved/Config/Windows/Engine.ini]
[2019.01.25-19.36.58:927][  0]LogConfig: Setting CVar [[r.GPUCrashDebugging:0]]
[2019.01.25-19.36.58:927][  0]LogConfig: Applying CVar settings from Section [/Script/Engine.RendererOverrideSettings] File [C:/Users/Nozynski/Documents/Jamming/Saved/Config/Windows/Engine.ini]
[2019.01.25-19.36.58:927][  0]LogConfig: Applying CVar settings from Section [/Script/Engine.StreamingSettings] File [C:/Users/Nozynski/Documents/Jamming/Saved/Config/Windows/Engine.ini]
[2019.01.25-19.36.58:927][  0]LogConfig: Setting CVar [[s.MinBulkDataSizeForAsyncLoading:131072]]
[2019.01.25-19.36.58:927][  0]LogConfig: Setting CVar [[s.AsyncLoadingThreadEnabled:0]]
[2019.01.25-19.36.58:927][  0]LogConfig: Setting CVar [[s.EventDrivenLoaderEnabled:1]]
[2019.01.25-19.36.58:927][  0]LogConfig: Setting CVar [[s.WarnIfTimeLimitExceeded:0]]
[2019.01.25-19.36.58:927][  0]LogConfig: Setting CVar [[s.TimeLimitExceededMultiplier:1.5]]
[2019.01.25-19.36.58:927][  0]LogConfig: Setting CVar [[s.TimeLimitExceededMinTime:0.005]]
[2019.01.25-19.36.58:927][  0]LogConfig: Setting CVar [[s.UseBackgroundLevelStreaming:1]]
[2019.01.25-19.36.58:927][  0]LogConfig: Setting CVar [[s.PriorityAsyncLoadingExtraTime:15.0]]
[2019.01.25-19.36.58:927][  0]LogConfig: Setting CVar [[s.LevelStreamingActorsUpdateTimeLimit:5.0]]
[2019.01.25-19.36.58:927][  0]LogConfig: Setting CVar [[s.PriorityLevelStreamingActorsUpdateExtraTime:5.0]]
[2019.01.25-19.36.58:927][  0]LogConfig: Setting CVar [[s.LevelStreamingComponentsRegistrationGranularity:10]]
[2019.01.25-19.36.58:927][  0]LogConfig: Setting CVar [[s.UnregisterComponentsTimeLimit:1.0]]
[2019.01.25-19.36.58:927][  0]LogConfig: Setting CVar [[s.LevelStreamingComponentsUnregistrationGranularity:5]]
[2019.01.25-19.36.58:927][  0]LogConfig: Applying CVar settings from Section [/Script/Engine.GarbageCollectionSettings] File [C:/Users/Nozynski/Documents/Jamming/Saved/Config/Windows/Engine.ini]
[2019.01.25-19.36.58:927][  0]LogConfig: Setting CVar [[gc.MaxObjectsNotConsideredByGC:1]]
[2019.01.25-19.36.58:927][  0]LogConfig: Setting CVar [[gc.SizeOfPermanentObjectPool:0]]
[2019.01.25-19.36.58:927][  0]LogConfig: Setting CVar [[gc.FlushStreamingOnGC:0]]
[2019.01.25-19.36.58:927][  0]LogConfig: Setting CVar [[gc.NumRetriesBeforeForcingGC:10]]
[2019.01.25-19.36.58:927][  0]LogConfig: Setting CVar [[gc.AllowParallelGC:1]]
[2019.01.25-19.36.58:927][  0]LogConfig: Setting CVar [[gc.TimeBetweenPurgingPendingKillObjects:61.1]]
[2019.01.25-19.36.58:927][  0]LogConfig: Setting CVar [[gc.MaxObjectsInEditor:8388607]]
[2019.01.25-19.36.58:927][  0]LogConfig: Setting CVar [[gc.IncrementalBeginDestroyEnabled:1]]
[2019.01.25-19.36.58:927][  0]LogConfig: Setting CVar [[gc.CreateGCClusters:1]]
[2019.01.25-19.36.58:927][  0]LogConfig: Setting CVar [[gc.MergeGCClusters:0]]
[2019.01.25-19.36.58:927][  0]LogConfig: Setting CVar [[gc.MinGCClusterSize:5]]
[2019.01.25-19.36.58:927][  0]LogConfig: Setting CVar [[gc.ActorClusteringEnabled:0]]
[2019.01.25-19.36.58:928][  0]LogConfig: Setting CVar [[gc.BlueprintClusteringEnabled:0]]
[2019.01.25-19.36.58:928][  0]LogConfig: Setting CVar [[gc.UseDisregardForGCOnDedicatedServers:0]]
[2019.01.25-19.36.58:928][  0]LogConfig: Applying CVar settings from Section [/Script/Engine.NetworkSettings] File [C:/Users/Nozynski/Documents/Jamming/Saved/Config/Windows/Engine.ini]
[2019.01.25-19.36.58:928][  0]LogConfig: Applying CVar settings from Section [/Script/UnrealEd.CookerSettings] File [C:/Users/Nozynski/Documents/Jamming/Saved/Config/Windows/Engine.ini]
[2019.01.25-19.36.58:933][  0]LogConfig: Applying CVar settings from Section [ViewDistanceQuality@3] File [C:/Users/Nozynski/Documents/Jamming/Saved/Config/Windows/Scalability.ini]
[2019.01.25-19.36.58:933][  0]LogConfig: Setting CVar [[r.SkeletalMeshLODBias:0]]
[2019.01.25-19.36.58:933][  0]LogConfig: Setting CVar [[r.ViewDistanceScale:1.0]]
[2019.01.25-19.36.58:933][  0]LogConfig: Applying CVar settings from Section [AntiAliasingQuality@3] File [C:/Users/Nozynski/Documents/Jamming/Saved/Config/Windows/Scalability.ini]
[2019.01.25-19.36.58:933][  0]LogConfig: Setting CVar [[r.PostProcessAAQuality:4]]
[2019.01.25-19.36.58:934][  0]LogConfig: Applying CVar settings from Section [ShadowQuality@3] File [C:/Users/Nozynski/Documents/Jamming/Saved/Config/Windows/Scalability.ini]
[2019.01.25-19.36.58:934][  0]LogConfig: Setting CVar [[r.LightFunctionQuality:1]]
[2019.01.25-19.36.58:934][  0]LogConfig: Setting CVar [[r.ShadowQuality:5]]
[2019.01.25-19.36.58:934][  0]LogConfig: Setting CVar [[r.Shadow.CSM.MaxCascades:10]]
[2019.01.25-19.36.58:934][  0]LogConfig: Setting CVar [[r.Shadow.MaxResolution:2048]]
[2019.01.25-19.36.58:934][  0]LogConfig: Setting CVar [[r.Shadow.MaxCSMResolution:2048]]
[2019.01.25-19.36.58:934][  0]LogConfig: Setting CVar [[r.Shadow.RadiusThreshold:0.01]]
[2019.01.25-19.36.58:934][  0]LogConfig: Setting CVar [[r.Shadow.DistanceScale:1.0]]
[2019.01.25-19.36.58:934][  0]LogConfig: Setting CVar [[r.Shadow.CSM.TransitionScale:1.0]]
[2019.01.25-19.36.58:934][  0]LogConfig: Setting CVar [[r.Shadow.PreShadowResolutionFactor:1.0]]
[2019.01.25-19.36.58:934][  0]LogConfig: Setting CVar [[r.DistanceFieldShadowing:1]]
[2019.01.25-19.36.58:934][  0]LogConfig: Setting CVar [[r.DistanceFieldAO:1]]
[2019.01.25-19.36.58:934][  0]LogConfig: Setting CVar [[r.AOQuality:2]]
[2019.01.25-19.36.58:934][  0]LogConfig: Setting CVar [[r.VolumetricFog:1]]
[2019.01.25-19.36.58:934][  0]LogConfig: Setting CVar [[r.VolumetricFog.GridPixelSize:8]]
[2019.01.25-19.36.58:934][  0]LogConfig: Setting CVar [[r.VolumetricFog.GridSizeZ:128]]
[2019.01.25-19.36.58:934][  0]LogConfig: Setting CVar [[r.VolumetricFog.HistoryMissSupersampleCount:4]]
[2019.01.25-19.36.58:934][  0]LogConfig: Setting CVar [[r.LightMaxDrawDistanceScale:1]]
[2019.01.25-19.36.58:934][  0]LogConfig: Setting CVar [[r.CapsuleShadows:1]]
[2019.01.25-19.36.58:934][  0]LogConfig: Applying CVar settings from Section [PostProcessQuality@3] File [C:/Users/Nozynski/Documents/Jamming/Saved/Config/Windows/Scalability.ini]
[2019.01.25-19.36.58:934][  0]LogConfig: Setting CVar [[r.MotionBlurQuality:4]]
[2019.01.25-19.36.58:934][  0]LogConfig: Setting CVar [[r.AmbientOcclusionMipLevelFactor:0.4]]
[2019.01.25-19.36.58:934][  0]LogConfig: Setting CVar [[r.AmbientOcclusionMaxQuality:100]]
[2019.01.25-19.36.58:934][  0]LogConfig: Setting CVar [[r.AmbientOcclusionLevels:-1]]
[2019.01.25-19.36.58:934][  0]LogConfig: Setting CVar [[r.AmbientOcclusionRadiusScale:1.0]]
[2019.01.25-19.36.58:934][  0]LogConfig: Setting CVar [[r.DepthOfFieldQuality:2]]
[2019.01.25-19.36.58:935][  0]LogConfig: Setting CVar [[r.RenderTargetPoolMin:400]]
[2019.01.25-19.36.58:935][  0]LogConfig: Setting CVar [[r.LensFlareQuality:2]]
[2019.01.25-19.36.58:935][  0]LogConfig: Setting CVar [[r.SceneColorFringeQuality:1]]
[2019.01.25-19.36.58:935][  0]LogConfig: Setting CVar [[r.EyeAdaptationQuality:2]]
[2019.01.25-19.36.58:935][  0]LogConfig: Setting CVar [[r.BloomQuality:5]]
[2019.01.25-19.36.58:935][  0]LogConfig: Setting CVar [[r.FastBlurThreshold:100]]
[2019.01.25-19.36.58:935][  0]LogConfig: Setting CVar [[r.Upscale.Quality:3]]
[2019.01.25-19.36.58:935][  0]LogConfig: Setting CVar [[r.Tonemapper.GrainQuantization:1]]
[2019.01.25-19.36.58:935][  0]LogConfig: Setting CVar [[r.LightShaftQuality:1]]
[2019.01.25-19.36.58:935][  0]LogConfig: Setting CVar [[r.Filter.SizeScale:1]]
[2019.01.25-19.36.58:935][  0]LogConfig: Setting CVar [[r.Tonemapper.Quality:5]]
[2019.01.25-19.36.58:935][  0]LogConfig: Setting CVar [[r.DOF.Gather.AccumulatorQuality:1        ; higher gathering accumulator quality]]
[2019.01.25-19.36.58:935][  0]LogConfig: Setting CVar [[r.DOF.Gather.PostfilterMethod:1          ; Median3x3 postfilering method]]
[2019.01.25-19.36.58:935][  0]LogConfig: Setting CVar [[r.DOF.Gather.EnableBokehSettings:0       ; no bokeh simulation when gathering]]
[2019.01.25-19.36.58:935][  0]LogConfig: Setting CVar [[r.DOF.Gather.RingCount:4                 ; medium number of samples when gathering]]
[2019.01.25-19.36.58:935][  0]LogConfig: Setting CVar [[r.DOF.Scatter.ForegroundCompositing:1    ; additive foreground scattering]]
[2019.01.25-19.36.58:935][  0]LogConfig: Setting CVar [[r.DOF.Scatter.BackgroundCompositing:2    ; additive background scattering]]
[2019.01.25-19.36.58:935][  0]LogConfig: Setting CVar [[r.DOF.Scatter.EnableBokehSettings:1      ; bokeh simulation when scattering]]
[2019.01.25-19.36.58:935][  0]LogConfig: Setting CVar [[r.DOF.Scatter.MaxSpriteRatio:0.1         ; only a maximum of 10% of scattered bokeh]]
[2019.01.25-19.36.58:935][  0]LogConfig: Setting CVar [[r.DOF.Recombine.Quality:1                ; cheap slight out of focus]]
[2019.01.25-19.36.58:935][  0]LogConfig: Setting CVar [[r.DOF.Recombine.EnableBokehSettings:0    ; no bokeh simulation on slight out of focus]]
[2019.01.25-19.36.58:935][  0]LogConfig: Setting CVar [[r.DOF.TemporalAAQuality:1                ; more stable temporal accumulation]]
[2019.01.25-19.36.58:935][  0]LogConfig: Setting CVar [[r.DOF.Kernel.MaxForegroundRadius:0.025]]
[2019.01.25-19.36.58:935][  0]LogConfig: Setting CVar [[r.DOF.Kernel.MaxBackgroundRadius:0.025]]
[2019.01.25-19.36.58:935][  0]LogConfig: Applying CVar settings from Section [TextureQuality@3] File [C:/Users/Nozynski/Documents/Jamming/Saved/Config/Windows/Scalability.ini]
[2019.01.25-19.36.58:935][  0]LogConfig: Setting CVar [[r.Streaming.MipBias:0]]
[2019.01.25-19.36.58:936][  0]LogConfig: Setting CVar [[r.Streaming.AmortizeCPUToGPUCopy:0]]
[2019.01.25-19.36.58:936][  0]LogConfig: Setting CVar [[r.Streaming.MaxNumTexturesToStreamPerFrame:0]]
[2019.01.25-19.36.58:936][  0]LogConfig: Setting CVar [[r.Streaming.Boost:1]]
[2019.01.25-19.36.58:936][  0]LogConfig: Setting CVar [[r.MaxAnisotropy:8]]
[2019.01.25-19.36.58:936][  0]LogConfig: Setting CVar [[r.Streaming.LimitPoolSizeToVRAM:0]]
[2019.01.25-19.36.58:936][  0]LogConfig: Setting CVar [[r.Streaming.PoolSize:1000]]
[2019.01.25-19.36.58:936][  0]LogConfig: Setting CVar [[r.Streaming.MaxEffectiveScreenSize:0]]
[2019.01.25-19.36.58:936][  0]LogConfig: Applying CVar settings from Section [EffectsQuality@3] File [C:/Users/Nozynski/Documents/Jamming/Saved/Config/Windows/Scalability.ini]
[2019.01.25-19.36.58:936][  0]LogConfig: Setting CVar [[r.TranslucencyLightingVolumeDim:64]]
[2019.01.25-19.36.58:936][  0]LogConfig: Setting CVar [[r.RefractionQuality:2]]
[2019.01.25-19.36.58:936][  0]LogConfig: Setting CVar [[r.SSR.Quality:3]]
[2019.01.25-19.36.58:936][  0]LogConfig: Setting CVar [[r.SceneColorFormat:4]]
[2019.01.25-19.36.58:936][  0]LogConfig: Setting CVar [[r.DetailMode:2]]
[2019.01.25-19.36.58:936][  0]LogConfig: Setting CVar [[r.TranslucencyVolumeBlur:1]]
[2019.01.25-19.36.58:936][  0]LogConfig: Setting CVar [[r.MaterialQualityLevel:1 ; High quality]]
[2019.01.25-19.36.58:936][  0]LogConfig: Setting CVar [[r.SSS.Scale:1]]
[2019.01.25-19.36.58:936][  0]LogConfig: Setting CVar [[r.SSS.SampleSet:2]]
[2019.01.25-19.36.58:936][  0]LogConfig: Setting CVar [[r.SSS.Quality:1]]
[2019.01.25-19.36.58:936][  0]LogConfig: Setting CVar [[r.SSS.HalfRes:1]]
[2019.01.25-19.36.58:936][  0]LogConfig: Setting CVar [[r.EmitterSpawnRateScale:1.0]]
[2019.01.25-19.36.58:936][  0]LogConfig: Setting CVar [[r.ParticleLightQuality:2]]
[2019.01.25-19.36.58:936][  0]LogConfig: Applying CVar settings from Section [FoliageQuality@3] File [C:/Users/Nozynski/Documents/Jamming/Saved/Config/Windows/Scalability.ini]
[2019.01.25-19.36.58:936][  0]LogConfig: Setting CVar [[foliage.DensityScale:1.0]]
[2019.01.25-19.36.58:936][  0]LogConfig: Setting CVar [[grass.DensityScale:1.0]]
[2019.01.25-19.36.58:936][  0]LogInit: Selected Device Profile: [Windows]
[2019.01.25-19.36.58:936][  0]LogInit: Applying CVar settings loaded from the selected device profile: [Windows]
[2019.01.25-19.36.58:957][  0]LogHAL: Display: Platform has ~ 32 GB [34225905664 / 34359738368 / 32], which maps to Largest [LargestMinGB=32, LargerMinGB=12, DefaultMinGB=8, SmallerMinGB=6, SmallestMinGB=0)
[2019.01.25-19.36.58:957][  0]LogConfig: Setting CVar [[r.Vulkan.UseRealUBs:1]]
[2019.01.25-19.36.58:957][  0]LogInit: Going up to parent DeviceProfile []
[2019.01.25-19.36.58:957][  0]LogConfig: Applying CVar settings from Section [ViewDistanceQuality@3] File [C:/Users/Nozynski/Documents/Jamming/Saved/Config/Windows/Scalability.ini]
[2019.01.25-19.36.58:957][  0]LogConfig: Setting CVar [[r.SkeletalMeshLODBias:0]]
[2019.01.25-19.36.58:957][  0]LogConfig: Setting CVar [[r.ViewDistanceScale:1.0]]
[2019.01.25-19.36.58:957][  0]LogConfig: Applying CVar settings from Section [AntiAliasingQuality@3] File [C:/Users/Nozynski/Documents/Jamming/Saved/Config/Windows/Scalability.ini]
[2019.01.25-19.36.58:957][  0]LogConfig: Setting CVar [[r.PostProcessAAQuality:4]]
[2019.01.25-19.36.58:957][  0]LogConfig: Applying CVar settings from Section [ShadowQuality@3] File [C:/Users/Nozynski/Documents/Jamming/Saved/Config/Windows/Scalability.ini]
[2019.01.25-19.36.58:957][  0]LogConfig: Setting CVar [[r.LightFunctionQuality:1]]
[2019.01.25-19.36.58:958][  0]LogConfig: Setting CVar [[r.ShadowQuality:5]]
[2019.01.25-19.36.58:958][  0]LogConfig: Setting CVar [[r.Shadow.CSM.MaxCascades:10]]
[2019.01.25-19.36.58:958][  0]LogConfig: Setting CVar [[r.Shadow.MaxResolution:2048]]
[2019.01.25-19.36.58:958][  0]LogConfig: Setting CVar [[r.Shadow.MaxCSMResolution:2048]]
[2019.01.25-19.36.58:958][  0]LogConfig: Setting CVar [[r.Shadow.RadiusThreshold:0.01]]
[2019.01.25-19.36.58:958][  0]LogConfig: Setting CVar [[r.Shadow.DistanceScale:1.0]]
[2019.01.25-19.36.58:958][  0]LogConfig: Setting CVar [[r.Shadow.CSM.TransitionScale:1.0]]
[2019.01.25-19.36.58:958][  0]LogConfig: Setting CVar [[r.Shadow.PreShadowResolutionFactor:1.0]]
[2019.01.25-19.36.58:958][  0]LogConfig: Setting CVar [[r.DistanceFieldShadowing:1]]
[2019.01.25-19.36.58:958][  0]LogConfig: Setting CVar [[r.DistanceFieldAO:1]]
[2019.01.25-19.36.58:958][  0]LogConfig: Setting CVar [[r.AOQuality:2]]
[2019.01.25-19.36.58:958][  0]LogConfig: Setting CVar [[r.VolumetricFog:1]]
[2019.01.25-19.36.58:958][  0]LogConfig: Setting CVar [[r.VolumetricFog.GridPixelSize:8]]
[2019.01.25-19.36.58:958][  0]LogConfig: Setting CVar [[r.VolumetricFog.GridSizeZ:128]]
[2019.01.25-19.36.58:958][  0]LogConfig: Setting CVar [[r.VolumetricFog.HistoryMissSupersampleCount:4]]
[2019.01.25-19.36.58:958][  0]LogConfig: Setting CVar [[r.LightMaxDrawDistanceScale:1]]
[2019.01.25-19.36.58:958][  0]LogConfig: Setting CVar [[r.CapsuleShadows:1]]
[2019.01.25-19.36.58:958][  0]LogConfig: Applying CVar settings from Section [PostProcessQuality@3] File [C:/Users/Nozynski/Documents/Jamming/Saved/Config/Windows/Scalability.ini]
[2019.01.25-19.36.58:958][  0]LogConfig: Setting CVar [[r.MotionBlurQuality:4]]
[2019.01.25-19.36.58:958][  0]LogConfig: Setting CVar [[r.AmbientOcclusionMipLevelFactor:0.4]]
[2019.01.25-19.36.58:958][  0]LogConfig: Setting CVar [[r.AmbientOcclusionMaxQuality:100]]
[2019.01.25-19.36.58:958][  0]LogConfig: Setting CVar [[r.AmbientOcclusionLevels:-1]]
[2019.01.25-19.36.58:958][  0]LogConfig: Setting CVar [[r.AmbientOcclusionRadiusScale:1.0]]
[2019.01.25-19.36.58:958][  0]LogConfig: Setting CVar [[r.DepthOfFieldQuality:2]]
[2019.01.25-19.36.58:958][  0]LogConfig: Setting CVar [[r.RenderTargetPoolMin:400]]
[2019.01.25-19.36.58:958][  0]LogConfig: Setting CVar [[r.LensFlareQuality:2]]
[2019.01.25-19.36.58:958][  0]LogConfig: Setting CVar [[r.SceneColorFringeQuality:1]]
[2019.01.25-19.36.58:958][  0]LogConfig: Setting CVar [[r.EyeAdaptationQuality:2]]
[2019.01.25-19.36.58:958][  0]LogConfig: Setting CVar [[r.BloomQuality:5]]
[2019.01.25-19.36.58:958][  0]LogConfig: Setting CVar [[r.FastBlurThreshold:100]]
[2019.01.25-19.36.58:958][  0]LogConfig: Setting CVar [[r.Upscale.Quality:3]]
[2019.01.25-19.36.58:958][  0]LogConfig: Setting CVar [[r.Tonemapper.GrainQuantization:1]]
[2019.01.25-19.36.58:958][  0]LogConfig: Setting CVar [[r.LightShaftQuality:1]]
[2019.01.25-19.36.58:959][  0]LogConfig: Setting CVar [[r.Filter.SizeScale:1]]
[2019.01.25-19.36.58:959][  0]LogConfig: Setting CVar [[r.Tonemapper.Quality:5]]
[2019.01.25-19.36.58:959][  0]LogConfig: Setting CVar [[r.DOF.Gather.AccumulatorQuality:1        ; higher gathering accumulator quality]]
[2019.01.25-19.36.58:959][  0]LogConfig: Setting CVar [[r.DOF.Gather.PostfilterMethod:1          ; Median3x3 postfilering method]]
[2019.01.25-19.36.58:959][  0]LogConfig: Setting CVar [[r.DOF.Gather.EnableBokehSettings:0       ; no bokeh simulation when gathering]]
[2019.01.25-19.36.58:959][  0]LogConfig: Setting CVar [[r.DOF.Gather.RingCount:4                 ; medium number of samples when gathering]]
[2019.01.25-19.36.58:959][  0]LogConfig: Setting CVar [[r.DOF.Scatter.ForegroundCompositing:1    ; additive foreground scattering]]
[2019.01.25-19.36.58:959][  0]LogConfig: Setting CVar [[r.DOF.Scatter.BackgroundCompositing:2    ; additive background scattering]]
[2019.01.25-19.36.58:959][  0]LogConfig: Setting CVar [[r.DOF.Scatter.EnableBokehSettings:1      ; bokeh simulation when scattering]]
[2019.01.25-19.36.58:959][  0]LogConfig: Setting CVar [[r.DOF.Scatter.MaxSpriteRatio:0.1         ; only a maximum of 10% of scattered bokeh]]
[2019.01.25-19.36.58:959][  0]LogConfig: Setting CVar [[r.DOF.Recombine.Quality:1                ; cheap slight out of focus]]
[2019.01.25-19.36.58:959][  0]LogConfig: Setting CVar [[r.DOF.Recombine.EnableBokehSettings:0    ; no bokeh simulation on slight out of focus]]
[2019.01.25-19.36.58:959][  0]LogConfig: Setting CVar [[r.DOF.TemporalAAQuality:1                ; more stable temporal accumulation]]
[2019.01.25-19.36.58:959][  0]LogConfig: Setting CVar [[r.DOF.Kernel.MaxForegroundRadius:0.025]]
[2019.01.25-19.36.58:959][  0]LogConfig: Setting CVar [[r.DOF.Kernel.MaxBackgroundRadius:0.025]]
[2019.01.25-19.36.58:959][  0]LogConfig: Applying CVar settings from Section [TextureQuality@3] File [C:/Users/Nozynski/Documents/Jamming/Saved/Config/Windows/Scalability.ini]
[2019.01.25-19.36.58:959][  0]LogConfig: Setting CVar [[r.Streaming.MipBias:0]]
[2019.01.25-19.36.58:959][  0]LogConfig: Setting CVar [[r.Streaming.AmortizeCPUToGPUCopy:0]]
[2019.01.25-19.36.58:959][  0]LogConfig: Setting CVar [[r.Streaming.MaxNumTexturesToStreamPerFrame:0]]
[2019.01.25-19.36.58:959][  0]LogConfig: Setting CVar [[r.Streaming.Boost:1]]
[2019.01.25-19.36.58:959][  0]LogConfig: Setting CVar [[r.MaxAnisotropy:8]]
[2019.01.25-19.36.58:959][  0]LogConfig: Setting CVar [[r.Streaming.LimitPoolSizeToVRAM:0]]
[2019.01.25-19.36.58:959][  0]LogConfig: Setting CVar [[r.Streaming.PoolSize:1000]]
[2019.01.25-19.36.58:959][  0]LogConfig: Setting CVar [[r.Streaming.MaxEffectiveScreenSize:0]]
[2019.01.25-19.36.58:959][  0]LogConfig: Applying CVar settings from Section [EffectsQuality@3] File [C:/Users/Nozynski/Documents/Jamming/Saved/Config/Windows/Scalability.ini]
[2019.01.25-19.36.58:959][  0]LogConfig: Setting CVar [[r.TranslucencyLightingVolumeDim:64]]
[2019.01.25-19.36.58:959][  0]LogConfig: Setting CVar [[r.RefractionQuality:2]]
[2019.01.25-19.36.58:959][  0]LogConfig: Setting CVar [[r.SSR.Quality:3]]
[2019.01.25-19.36.58:959][  0]LogConfig: Setting CVar [[r.SceneColorFormat:4]]
[2019.01.25-19.36.58:959][  0]LogConfig: Setting CVar [[r.DetailMode:2]]
[2019.01.25-19.36.58:959][  0]LogConfig: Setting CVar [[r.TranslucencyVolumeBlur:1]]
[2019.01.25-19.36.58:959][  0]LogConfig: Setting CVar [[r.MaterialQualityLevel:1 ; High quality]]
[2019.01.25-19.36.58:959][  0]LogConfig: Setting CVar [[r.SSS.Scale:1]]
[2019.01.25-19.36.58:959][  0]LogConfig: Setting CVar [[r.SSS.SampleSet:2]]
[2019.01.25-19.36.58:959][  0]LogConfig: Setting CVar [[r.SSS.Quality:1]]
[2019.01.25-19.36.58:959][  0]LogConfig: Setting CVar [[r.SSS.HalfRes:1]]
[2019.01.25-19.36.58:959][  0]LogConfig: Setting CVar [[r.EmitterSpawnRateScale:1.0]]
[2019.01.25-19.36.58:960][  0]LogConfig: Setting CVar [[r.ParticleLightQuality:2]]
[2019.01.25-19.36.58:960][  0]LogConfig: Applying CVar settings from Section [FoliageQuality@3] File [C:/Users/Nozynski/Documents/Jamming/Saved/Config/Windows/Scalability.ini]
[2019.01.25-19.36.58:960][  0]LogConfig: Setting CVar [[foliage.DensityScale:1.0]]
[2019.01.25-19.36.58:960][  0]LogConfig: Setting CVar [[grass.DensityScale:1.0]]
[2019.01.25-19.36.58:960][  0]LogConfig: Applying CVar settings from Section [Startup] File [../../../Engine/Config/ConsoleVariables.ini]
[2019.01.25-19.36.58:963][  0]LogConfig: Setting CVar [[net.UseAdaptiveNetUpdateFrequency:0]]
[2019.01.25-19.36.58:963][  0]LogConfig: Applying CVar settings from Section [ConsoleVariables] File [C:/Users/Nozynski/Documents/Jamming/Saved/Config/Windows/Engine.ini]
[2019.01.25-19.36.58:963][  0]LogInit: Computer: MSI
[2019.01.25-19.36.58:963][  0]LogInit: User: Nozynski
[2019.01.25-19.36.58:963][  0]LogInit: CPU Page size=4096, Cores=4
[2019.01.25-19.36.58:963][  0]LogInit: High frequency timer resolution =2.531245 MHz
[2019.01.25-19.36.58:964][  0]LogMemory: Memory total: Physical=31.9GB (32GB approx)
[2019.01.25-19.36.58:964][  0]LogMemory: Platform Memory Stats for Windows
[2019.01.25-19.36.58:964][  0]LogMemory: Process Physical Memory: 103.46 MB used, 103.46 MB peak
[2019.01.25-19.36.58:964][  0]LogMemory: Process Virtual Memory: 89.79 MB used, 89.79 MB peak
[2019.01.25-19.36.58:964][  0]LogMemory: Physical Memory: 12596.59 MB used,  20043.78 MB free, 32640.37 MB total
[2019.01.25-19.36.58:964][  0]LogMemory: Virtual Memory: 4646.43 MB used,  134213080.00 MB free, 134217728.00 MB total
[2019.01.25-19.36.59:515][  0]LogInit: Using OS detected language (pl-PL).
[2019.01.25-19.36.59:515][  0]LogInit: Using OS detected locale (pl-PL).
[2019.01.25-19.36.59:517][  0]LogTextLocalizationManager: No specific localization for 'pl-PL' exists, so the 'pl' localization will be used.
[2019.01.25-19.36.59:523][  0]LogStreaming: Display: Took  0.008s to InitEngineTextLocalization.
[2019.01.25-19.36.59:564][  0]LogSlate: New Slate User Created.  User Index 0, Is Virtual User: 0
[2019.01.25-19.36.59:564][  0]LogSlate: Slate User Registered.  User Index 0, Is Virtual User: 0
[2019.01.25-19.37.00:074][  0]LogHMD: Failed to initialize OpenVR with code 110
[2019.01.25-19.37.00:074][  0]LogD3D11RHI: D3D11 adapters:
[2019.01.25-19.37.00:175][  0]LogD3D11RHI:    0. 'NVIDIA GeForce GTX 1060' (Feature Level 11_0)
[2019.01.25-19.37.00:175][  0]LogD3D11RHI:       2987/0/16320 MB DedicatedVideo/DedicatedSystem/SharedSystem, Outputs:1, VendorId:0x10de
[2019.01.25-19.37.00:195][  0]LogD3D11RHI:    1. 'Intel(R) HD Graphics 530' (Feature Level 11_0)
[2019.01.25-19.37.00:195][  0]LogD3D11RHI:       128/0/16320 MB DedicatedVideo/DedicatedSystem/SharedSystem, Outputs:0, VendorId:0x8086
[2019.01.25-19.37.00:198][  0]LogD3D11RHI:    2. 'Microsoft Basic Render Driver' (Feature Level 11_0)
[2019.01.25-19.37.00:198][  0]LogD3D11RHI:       0/0/16320 MB DedicatedVideo/DedicatedSystem/SharedSystem, Outputs:0, VendorId:0x1414
[2019.01.25-19.37.00:198][  0]LogD3D11RHI: Chosen D3D11 Adapter: 0
[2019.01.25-19.37.00:246][  0]LogD3D11RHI: Creating new Direct3DDevice
[2019.01.25-19.37.00:246][  0]LogD3D11RHI:     GPU DeviceId: 0x1c20 (for the marketing name, search the web for "GPU Device Id")
[2019.01.25-19.37.00:246][  0]LogWindows: EnumDisplayDevices:
[2019.01.25-19.37.00:246][  0]LogWindows:    0. 'Intel(R) HD Graphics 530' (P:1 D:1)
[2019.01.25-19.37.00:247][  0]LogWindows:    1. 'Intel(R) HD Graphics 530' (P:0 D:0)
[2019.01.25-19.37.00:247][  0]LogWindows:    2. 'Intel(R) HD Graphics 530' (P:0 D:0)
[2019.01.25-19.37.00:248][  0]LogWindows:    3. 'NVIDIA GeForce GTX 1060' (P:0 D:0)
[2019.01.25-19.37.00:248][  0]LogWindows:    4. 'NVIDIA GeForce GTX 1060' (P:0 D:0)
[2019.01.25-19.37.00:248][  0]LogWindows:    5. 'NVIDIA GeForce GTX 1060' (P:0 D:0)
[2019.01.25-19.37.00:249][  0]LogWindows:    6. 'NVIDIA GeForce GTX 1060' (P:0 D:0)
[2019.01.25-19.37.00:249][  0]LogWindows: DebugString: PrimaryIsNotTheChoosenAdapter PrimaryIsNotTheChoosenAdapter PrimaryIsNotTheChoosenAdapter FoundDriverCount:4 
[2019.01.25-19.37.00:249][  0]LogD3D11RHI:     Adapter Name: NVIDIA GeForce GTX 1060
[2019.01.25-19.37.00:249][  0]LogD3D11RHI:   Driver Version: 417.22 (internal:25.21.14.1722, unified:417.22)
[2019.01.25-19.37.00:249][  0]LogD3D11RHI:      Driver Date: 11-29-2018
[2019.01.25-19.37.00:249][  0]LogRHI: Texture pool is 2090 MB (70% of 2987 MB)
[2019.01.25-19.37.00:311][  0]LogD3D11RHI: Async texture creation enabled
[2019.01.25-19.37.00:340][  0]LogD3D11RHI: GPU Timing Frequency: 1000.000000 (Debug: 2 2)
[2019.01.25-19.37.00:822][  0]LogTemp: Display: Loaded TP AllDesktopTargetPlatform
[2019.01.25-19.37.00:838][  0]LogTemp: Display: Loaded TP MacClientTargetPlatform
[2019.01.25-19.37.00:852][  0]LogTemp: Display: Loaded TP MacNoEditorTargetPlatform
[2019.01.25-19.37.00:868][  0]LogTemp: Display: Loaded TP MacServerTargetPlatform
[2019.01.25-19.37.00:884][  0]LogTemp: Display: Loaded TP MacTargetPlatform
[2019.01.25-19.37.00:899][  0]LogTemp: Display: Loaded TP WindowsClientTargetPlatform
[2019.01.25-19.37.00:914][  0]LogTemp: Display: Loaded TP WindowsNoEditorTargetPlatform
[2019.01.25-19.37.00:929][  0]LogTemp: Display: Loaded TP WindowsServerTargetPlatform
[2019.01.25-19.37.00:935][  0]LogTemp: Display: Loaded TP WindowsTargetPlatform
[2019.01.25-19.37.01:020][  0]LogTemp: Display: Loaded TP AndroidTargetPlatform
[2019.01.25-19.37.01:020][  0]LogTemp: Display: Loaded TP AndroidTargetPlatform
[2019.01.25-19.37.01:020][  0]LogTemp: Display: Loaded TP AndroidTargetPlatform
[2019.01.25-19.37.01:020][  0]LogTemp: Display: Loaded TP AndroidTargetPlatform
[2019.01.25-19.37.01:020][  0]LogTemp: Display: Loaded TP AndroidTargetPlatform
[2019.01.25-19.37.01:020][  0]LogTemp: Display: Loaded TP AndroidTargetPlatform
[2019.01.25-19.37.01:020][  0]LogTemp: Display: Loaded TP AndroidTargetPlatform
[2019.01.25-19.37.01:020][  0]LogTemp: Display: Loaded TP AndroidTargetPlatform
[2019.01.25-19.37.01:020][  0]LogTemp: Display: Loaded TP AndroidTargetPlatform
[2019.01.25-19.37.01:020][  0]LogTemp: Display: Loaded TP AndroidTargetPlatform
[2019.01.25-19.37.01:020][  0]LogTemp: Display: Loaded TP AndroidTargetPlatform
[2019.01.25-19.37.01:020][  0]LogTemp: Display: Loaded TP AndroidTargetPlatform
[2019.01.25-19.37.01:020][  0]LogTemp: Display: Loaded TP AndroidTargetPlatform
[2019.01.25-19.37.01:020][  0]LogTemp: Display: Loaded TP AndroidTargetPlatform
[2019.01.25-19.37.01:020][  0]LogTemp: Display: Loaded TP AndroidTargetPlatform
[2019.01.25-19.37.01:020][  0]LogTemp: Display: Loaded TP AndroidTargetPlatform
[2019.01.25-19.37.01:020][  0]LogTemp: Display: Loaded TP AndroidTargetPlatform
[2019.01.25-19.37.01:020][  0]LogTemp: Display: Loaded TP AndroidTargetPlatform
[2019.01.25-19.37.01:023][  0]LogTemp: Display: Loaded TP HTML5TargetPlatform
[2019.01.25-19.37.01:087][  0]LogTemp: Display: Loaded TP IOSTargetPlatform
[2019.01.25-19.37.01:087][  0]LogTemp: Display: Loaded TP IOSTargetPlatform
[2019.01.25-19.37.01:112][  0]LogTemp: Display: Loaded TP TVOSTargetPlatform
[2019.01.25-19.37.01:112][  0]LogTemp: Display: Loaded TP TVOSTargetPlatform
[2019.01.25-19.37.01:126][  0]LogTemp: Display: Loaded TP LinuxClientTargetPlatform
[2019.01.25-19.37.01:140][  0]LogTemp: Display: Loaded TP LinuxNoEditorTargetPlatform
[2019.01.25-19.37.01:156][  0]LogTemp: Display: Loaded TP LinuxServerTargetPlatform
[2019.01.25-19.37.01:172][  0]LogTemp: Display: Loaded TP LinuxTargetPlatform
[2019.01.25-19.37.01:219][  0]LogTemp: Display: Loaded TP LuminTargetPlatform
[2019.01.25-19.37.01:219][  0]LogTemp: Display: Loaded TP LuminTargetPlatform
[2019.01.25-19.37.01:219][  0]LogTargetPlatformManager: Display: Building Assets For Windows
[2019.01.25-19.37.01:282][  0]LogShaderCompilers: Guid format shader working directory is 14 characters bigger than the processId version (C:/Users/Nozynski/Documents/Jamming/Intermediate/Shaders/WorkingDirectory/5592/).
[2019.01.25-19.37.01:283][  0]LogShaderCompilers: Cleaned the shader compiler working directory 'C:/Users/Nozynski/AppData/Local/Temp/UnrealShaderWorkingDir/A9FD29A34CE44E90E3764CA6183775B5/'.
[2019.01.25-19.37.01:284][  0]LogXGEController: Cleaning working directory: C:/Users/Nozynski/AppData/Local/Temp/UnrealXGEWorkingDir/
[2019.01.25-19.37.01:284][  0]LogXGEController: Cannot use XGE Controller as Incredibuild is not installed on this machine.
[2019.01.25-19.37.01:284][  0]LogShaderCompilers: Cannot use XGE Shader Compiler as Incredibuild is not installed on this machine.
[2019.01.25-19.37.01:284][  0]LogShaderCompilers: Display: Using Local Shader Compiler.
[2019.01.25-19.37.01:927][  0]LogDerivedDataCache: Display: Max Cache Size: 512 MB
[2019.01.25-19.37.01:986][  0]LogDerivedDataCache: Loaded boot cache 0.06s 76MB C:/Users/Nozynski/AppData/Local/UnrealEngine/4.21/DerivedDataCache/Boot.ddc.
[2019.01.25-19.37.01:986][  0]LogDerivedDataCache: Display: Loaded Boot cache: C:/Users/Nozynski/AppData/Local/UnrealEngine/4.21/DerivedDataCache/Boot.ddc
[2019.01.25-19.37.01:986][  0]LogDerivedDataCache: FDerivedDataBackendGraph:  Pak pak cache file C:/Users/Nozynski/Documents/Jamming/DerivedDataCache/DDC.ddp not found, will not use a pak cache.
[2019.01.25-19.37.01:986][  0]LogDerivedDataCache: Unable to find inner node Pak for hierarchical cache Hierarchy.
[2019.01.25-19.37.01:987][  0]LogDerivedDataCache: FDerivedDataBackendGraph:  CompressedPak pak cache file C:/Users/Nozynski/Documents/Jamming/DerivedDataCache/Compressed.ddp not found, will not use a pak cache.
[2019.01.25-19.37.01:987][  0]LogDerivedDataCache: Unable to find inner node CompressedPak for hierarchical cache Hierarchy.
[2019.01.25-19.37.02:005][  0]LogDerivedDataCache: Display: Pak cache opened for reading ../../../Engine/DerivedDataCache/Compressed.ddp.
[2019.01.25-19.37.02:005][  0]LogDerivedDataCache: FDerivedDataBackendGraph:  EnterprisePak pak cache file ../../../Enterprise/DerivedDataCache/Compressed.ddp not found, will not use a pak cache.
[2019.01.25-19.37.02:005][  0]LogDerivedDataCache: Unable to find inner node EnterprisePak for hierarchical cache Hierarchy.
[2019.01.25-19.37.02:017][  0]LogDerivedDataCache: Using Local data cache path C:/Users/Nozynski/AppData/Local/UnrealEngine/Common/DerivedDataCache: Writable
[2019.01.25-19.37.02:017][  0]LogDerivedDataCache: Shared data cache path not found in *engine.ini, will not use an Shared cache.
[2019.01.25-19.37.02:017][  0]LogDerivedDataCache: Unable to find inner node Shared for hierarchical cache Hierarchy.
[2019.01.25-19.37.02:045][  0]LogMaterial: Verifying Global Shaders for PCD3D_SM5
[2019.01.25-19.37.02:047][  0]LogSlate: Using FreeType 2.6.0
[2019.01.25-19.37.02:048][  0]LogSlate: SlateFontServices - WITH_FREETYPE: 1, WITH_HARFBUZZ: 1
[2019.01.25-19.37.02:231][  0]LogAssetRegistry: FAssetRegistry took 0.0346 seconds to start up
[2019.01.25-19.37.02:606][  0]LogInit: Selected Device Profile: [Windows]
[2019.01.25-19.37.02:798][  0]LogSimplygon: Simplygon DLL not present - disabling.
[2019.01.25-19.37.02:804][  0]LogMeshReduction: Using SimplygonSwarm for distributed automatic mesh merging
[2019.01.25-19.37.02:804][  0]LogMeshReduction: Using ProxyLODMeshReduction for automatic mesh merging
[2019.01.25-19.37.02:804][  0]LogMeshReduction: Using QuadricMeshReduction for automatic static mesh reduction
[2019.01.25-19.37.02:804][  0]LogMeshReduction: No automatic skeletal mesh reduction module available
[2019.01.25-19.37.02:827][  0]LogNetVersion: BengHouse 1.0.0, NetCL: 4541578, EngineNetVer: 5, GameNetVer: 0 (Checksum: 1207048396)
[2019.01.25-19.37.03:493][  0]LogPackageLocalizationCache: Processed 11 localized package path(s) for 2 prioritized culture(s) in 0.106320 seconds
[2019.01.25-19.37.03:501][  0]LogUObjectArray: 39775 objects as part of root set at end of initial load.
[2019.01.25-19.37.03:501][  0]LogUObjectAllocator: 6914664 out of 0 bytes used by permanent object pool.
[2019.01.25-19.37.03:501][  0]LogUObjectArray: CloseDisregardForGC: 0/0 objects in disregard for GC pool
[2019.01.25-19.37.05:182][  0]LogTcpMessaging: Initializing TcpMessaging bridge
[2019.01.25-19.37.05:197][  0]LogUdpMessaging: Initializing bridge on interface 0.0.0.0:0 to multicast group 230.0.0.1:6666.
[2019.01.25-19.37.06:615][  0]SourceControl: Source control is disabled
[2019.01.25-19.37.06:615][  0]SourceControl: Source control is disabled
[2019.01.25-19.37.06:618][  0]SourceControl: Source control is disabled
[2019.01.25-19.37.06:620][  0]SourceControl: Source control is disabled
[2019.01.25-19.37.06:829][  0]LogAndroidPermission: UAndroidPermissionCallbackProxy::GetInstance
[2019.01.25-19.37.06:950][  0]LogOcInput: OculusInput pre-init called
[2019.01.25-19.37.07:102][  0]LogEngine: Initializing Engine...
[2019.01.25-19.37.07:103][  0]LogHMD: Failed to initialize OpenVR with code 110
[2019.01.25-19.37.07:104][  0]LogStats: UGameplayTagsManager::ConstructGameplayTagTree: ImportINI prefixes -  0.000 s
[2019.01.25-19.37.07:104][  0]LogStats: UGameplayTagsManager::ConstructGameplayTagTree: Construct from data asset -  0.000 s
[2019.01.25-19.37.07:104][  0]LogStats: UGameplayTagsManager::ConstructGameplayTagTree: ImportINI -  0.000 s
[2019.01.25-19.37.07:104][  0]LogStats: UGameplayTagsManager::ConstructGameplayTagTree: GameplayTagTreeChangedEvent.Broadcast -  0.000 s
[2019.01.25-19.37.07:390][  0]LogInit: Initializing FReadOnlyCVARCache
[2019.01.25-19.37.07:406][  0]LogAIModule: Creating AISystem for world Untitled
[2019.01.25-19.37.07:426][  0]LogInit: XAudio2 using 'Speakers (Realtek High Definition Audio)' : 6 channels at 48 kHz using 32 bits per sample (channel mask 0x3f)
[2019.01.25-19.37.07:744][  0]LogInit: FAudioDevice initialized.
[2019.01.25-19.37.07:745][  0]LogNetVersion: Set ProjectVersion to 1.0.0.0. Version Checksum will be recalculated on next use.
[2019.01.25-19.37.07:841][  0]LogDerivedDataCache: Saved boot cache 0.10s 73MB C:/Users/Nozynski/AppData/Local/UnrealEngine/4.21/DerivedDataCache/Boot.ddc.
[2019.01.25-19.37.07:852][  0]LogInit: Texture streaming: Enabled
[2019.01.25-19.37.07:872][  0]LogEngineSessionManager: EngineSessionManager initialized
[2019.01.25-19.37.07:886][  0]LogInit: Transaction tracking system initialized
[2019.01.25-19.37.07:912][  0]BlueprintLog: New page: Editor Load
[2019.01.25-19.37.08:024][  0]LocalizationService: Localization service is disabled
[2019.01.25-19.37.08:525][  0]LogFileCache: Scanning file cache for directory 'C:/Users/Nozynski/Documents/Jamming/Content/' took 0.01s
[2019.01.25-19.37.08:525][  0]LogCook: Display: Max memory allowance for cook 16384mb min free memory 0mb
[2019.01.25-19.37.08:525][  0]LogCook: Display: Mobile HDR setting 1
[2019.01.25-19.37.08:525][  0]LogGameplayTags: Display: UGameplayTagsManager::DoneAddingNativeTags. DelegateIsBound: 0
[2019.01.25-19.37.08:525][  0]LogStats: UGameplayTagsManager::ConstructGameplayTagTree: ImportINI prefixes -  0.000 s
[2019.01.25-19.37.08:525][  0]LogStats: UGameplayTagsManager::ConstructGameplayTagTree: Construct from data asset -  0.000 s
[2019.01.25-19.37.08:525][  0]LogStats: UGameplayTagsManager::ConstructGameplayTagTree: ImportINI -  0.000 s
[2019.01.25-19.37.08:525][  0]LogStats: UGameplayTagsManager::ConstructGameplayTagTree: GameplayTagTreeChangedEvent.Broadcast -  0.000 s
[2019.01.25-19.37.08:692][  0]SourceControl: Source control is disabled
[2019.01.25-19.37.08:692][  0]Cmd: MAP LOAD FILE="C:/Users/Nozynski/Documents/Jamming/Content/TopDownCPP/Maps/TopDownExampleMap.umap" TEMPLATE=0 SHOWPROGRESS=1 FEATURELEVEL=3
[2019.01.25-19.37.08:693][  0]LightingResults: New page: Lighting Build
[2019.01.25-19.37.08:696][  0]MapCheck: New page: Map Check
[2019.01.25-19.37.08:696][  0]LightingResults: New page: Lighting Build
[2019.01.25-19.37.08:872][  0]LogAIModule: Creating AISystem for world TopDownExampleMap
[2019.01.25-19.37.08:879][  0]LogEditorServer: Finished looking for orphan Actors (0.000 secs)
[2019.01.25-19.37.08:906][  0]Cmd: MAP CHECKDEP NOCLEARLOG
[2019.01.25-19.37.08:907][  0]MapCheck: Map check complete: 0 Error(s), 0 Warning(s), took 0,275ms to complete.
[2019.01.25-19.37.08:907][  0]LogFileHelpers: Loading map 'TopDownExampleMap' took 0.214
[2019.01.25-19.37.09:022][  0]LogSlate: Updating window title bar state: overlay mode, drag disabled, window buttons hidden, title bar hidden
[2019.01.25-19.37.09:029][  0]LogSlate: Updating window title bar state: overlay mode, drag disabled, window buttons hidden, title bar hidden
[2019.01.25-19.37.09:036][  0]LogSlate: Updating window title bar state: overlay mode, drag disabled, window buttons hidden, title bar hidden
[2019.01.25-19.37.09:047][  0]LogSlate: Updating window title bar state: overlay mode, drag disabled, window buttons hidden, title bar hidden
[2019.01.25-19.37.09:054][  0]LogCollectionManager: Loaded 0 collections in 0.001011 seconds
[2019.01.25-19.37.09:095][  0]LogFileCache: Scanning file cache for directory 'C:/Users/Nozynski/Documents/Jamming/Saved/Collections/' took 0.01s
[2019.01.25-19.37.09:095][  0]LogFileCache: Scanning file cache for directory 'C:/Users/Nozynski/Documents/Jamming/Content/Developers/Nozynski/Collections/' took 0.01s
[2019.01.25-19.37.09:095][  0]LogFileCache: Scanning file cache for directory 'C:/Users/Nozynski/Documents/Jamming/Content/Collections/' took 0.01s
[2019.01.25-19.37.09:095][  0]LogCollectionManager: Rebuilt the GUID cache for 0 collections in 0.000000 seconds
[2019.01.25-19.37.09:106][  0]LogContentBrowser: Native class hierarchy populated in 0.0109 seconds. Added 2654 classes and 622 folders.
[2019.01.25-19.37.09:112][  0]LogContentBrowser: Native class hierarchy updated for 'WidgetCarousel' in 0.0005 seconds. Added 0 classes and 0 folders.
[2019.01.25-19.37.09:115][  0]LogPakFile: Registered encryption key '00000000000000000000000000000000': 0 pak files mounted, 0 remain pending
[2019.01.25-19.37.09:116][  0]LogPakFile: Registered encryption key '00000000000000000000000000000000': 0 pak files mounted, 0 remain pending
[2019.01.25-19.37.09:117][  0]LogPakFile: Registered encryption key '00000000000000000000000000000000': 0 pak files mounted, 0 remain pending
[2019.01.25-19.37.09:118][  0]LogPakFile: Registered encryption key '00000000000000000000000000000000': 0 pak files mounted, 0 remain pending
[2019.01.25-19.37.09:119][  0]LogPakFile: Registered encryption key '00000000000000000000000000000000': 0 pak files mounted, 0 remain pending
[2019.01.25-19.37.09:120][  0]LogPakFile: Registered encryption key '00000000000000000000000000000000': 0 pak files mounted, 0 remain pending
[2019.01.25-19.37.09:121][  0]LogPakFile: Registered encryption key '00000000000000000000000000000000': 0 pak files mounted, 0 remain pending
[2019.01.25-19.37.09:121][  0]LogPakFile: Registered encryption key '00000000000000000000000000000000': 0 pak files mounted, 0 remain pending
[2019.01.25-19.37.09:122][  0]LogPakFile: Registered encryption key '00000000000000000000000000000000': 0 pak files mounted, 0 remain pending
[2019.01.25-19.37.09:123][  0]LogPakFile: Registered encryption key '00000000000000000000000000000000': 0 pak files mounted, 0 remain pending
[2019.01.25-19.37.09:124][  0]LogPakFile: Registered encryption key '00000000000000000000000000000000': 0 pak files mounted, 0 remain pending
[2019.01.25-19.37.09:125][  0]LogPakFile: Registered encryption key '00000000000000000000000000000000': 0 pak files mounted, 0 remain pending
[2019.01.25-19.37.09:126][  0]LogPakFile: Registered encryption key '00000000000000000000000000000000': 0 pak files mounted, 0 remain pending
[2019.01.25-19.37.09:127][  0]LogPakFile: Registered encryption key '00000000000000000000000000000000': 0 pak files mounted, 0 remain pending
[2019.01.25-19.37.09:127][  0]LogPakFile: Registered encryption key '00000000000000000000000000000000': 0 pak files mounted, 0 remain pending
[2019.01.25-19.37.09:128][  0]LogPakFile: Registered encryption key '00000000000000000000000000000000': 0 pak files mounted, 0 remain pending
[2019.01.25-19.37.09:130][  0]LogPakFile: Registered encryption key '00000000000000000000000000000000': 0 pak files mounted, 0 remain pending
[2019.01.25-19.37.09:130][  0]LogPakFile: Registered encryption key '00000000000000000000000000000000': 0 pak files mounted, 0 remain pending
[2019.01.25-19.37.09:131][  0]LogPakFile: Registered encryption key '00000000000000000000000000000000': 0 pak files mounted, 0 remain pending
[2019.01.25-19.37.09:132][  0]LogPakFile: Registered encryption key '00000000000000000000000000000000': 0 pak files mounted, 0 remain pending
[2019.01.25-19.37.09:133][  0]LogPakFile: Registered encryption key '00000000000000000000000000000000': 0 pak files mounted, 0 remain pending
[2019.01.25-19.37.09:134][  0]LogPakFile: Registered encryption key '00000000000000000000000000000000': 0 pak files mounted, 0 remain pending
[2019.01.25-19.37.09:135][  0]LogPakFile: Registered encryption key '00000000000000000000000000000000': 0 pak files mounted, 0 remain pending
[2019.01.25-19.37.09:136][  0]LogPakFile: Registered encryption key '00000000000000000000000000000000': 0 pak files mounted, 0 remain pending
[2019.01.25-19.37.09:137][  0]LogPakFile: Registered encryption key '00000000000000000000000000000000': 0 pak files mounted, 0 remain pending
[2019.01.25-19.37.09:138][  0]LogPakFile: Registered encryption key '00000000000000000000000000000000': 0 pak files mounted, 0 remain pending
[2019.01.25-19.37.09:186][  0]LogContentBrowser: Native class hierarchy updated for 'AddContentDialog' in 0.0004 seconds. Added 0 classes and 0 folders.
[2019.01.25-19.37.09:191][  0]LogContentBrowser: Native class hierarchy updated for 'SceneOutliner' in 0.0004 seconds. Added 1 classes and 2 folders.
[2019.01.25-19.37.09:211][  0]LogSlate: Took 0.000426 seconds to synchronously load lazily loaded font '../../../Engine/Content/Slate/Fonts/Roboto-Regular.ttf' (155K)
[2019.01.25-19.37.09:215][  0]LogSlate: Took 0.000874 seconds to synchronously load lazily loaded font '../../../Engine/Content/Slate/Fonts/Roboto-Bold.ttf' (160K)
[2019.01.25-19.37.09:223][  0]LogSlate: Took 0.000650 seconds to synchronously load lazily loaded font '../../../Engine/Content/Editor/Slate/Fonts/FontAwesome.ttf' (139K)
[2019.01.25-19.37.09:321][  0]LogRenderer: Reallocating scene render targets to support 964x436 Format 10 NumSamples 1 (Frame:1).
[2019.01.25-19.37.09:490][  0]LogContentBrowser: Native class hierarchy updated for 'HierarchicalLODOutliner' in 0.0003 seconds. Added 0 classes and 0 folders.
[2019.01.25-19.37.09:491][  0]LogLoad: (Engine Initialization) Total time: 12.43 seconds
[2019.01.25-19.37.09:491][  0]LogLoad: (Engine Initialization) Total Blueprint compile time: 0.00 seconds
[2019.01.25-19.37.09:583][  0]LogContentStreaming: Texture pool size now 1000 MB
[2019.01.25-19.37.09:597][  0]LogSlate: Took 0.000531 seconds to synchronously load lazily loaded font '../../../Engine/Content/Slate/Fonts/Roboto-Light.ttf' (167K)
[2019.01.25-19.37.09:752][  1]LogAssetRegistry: Asset discovery search completed in 7.5434 seconds
[2019.01.25-19.37.09:756][  1]LogCollectionManager: Rebuilt the object cache for 0 collections in 0.000000 seconds (found 0 objects)
[2019.01.25-19.37.09:756][  1]LogCollectionManager: Fixed up redirectors for 0 collections in 0.000067 seconds (updated 0 objects)
[2019.01.25-19.37.14:575][158]LogSlate: FSceneViewport::OnFocusLost() reason 0
[2019.01.25-19.37.18:492][389]LogSlate: Window 'Plugins' being destroyed
[2019.01.25-19.37.18:500][389]LogSlate: Window 'Plugins' being destroyed
[2019.01.25-19.37.18:500][389]LogDirectoryWatcher: A directory notification for '../../../Engine/Plugins/' was aborted.
[2019.01.25-19.37.31:865][191]LogSlate: FSceneViewport::OnFocusLost() reason 0
[2019.01.25-19.37.31:930][195]LogTemp: Repeating last play command: Selected Viewport
[2019.01.25-19.37.31:938][195]LogBlueprintUserMessages: Early PlayInEditor Detection: Level '/Game/TopDownCPP/Maps/TopDownExampleMap.TopDownExampleMap:PersistentLevel' has LevelScriptBlueprint '/Game/TopDownCPP/Maps/TopDownExampleMap.TopDownExampleMap:PersistentLevel.TopDownExampleMap' with GeneratedClass '/Game/TopDownCPP/Maps/TopDownExampleMap.TopDownExampleMap_C' with ClassGeneratedBy '/Game/TopDownCPP/Maps/TopDownExampleMap.TopDownExampleMap:PersistentLevel.TopDownExampleMap'
[2019.01.25-19.37.31:938][195]LogPlayLevel: PlayLevel: No blueprints needed recompiling
[2019.01.25-19.37.31:979][195]PIE: New page: PIE session: TopDownExampleMap (25 sty 2019, 21:37:31)
[2019.01.25-19.37.31:992][195]LogPlayLevel: Creating play world package: /Game/TopDownCPP/Maps/UEDPIE_0_TopDownExampleMap
[2019.01.25-19.37.32:020][195]LogPlayLevel: PIE: StaticDuplicateObject took: (0.027704s)
[2019.01.25-19.37.32:021][195]LogAIModule: Creating AISystem for world TopDownExampleMap
[2019.01.25-19.37.32:021][195]LogPlayLevel: PIE: World Init took: (0.000866s)
[2019.01.25-19.37.32:021][195]LogPlayLevel: PIE: Created PIE world by copying editor world from /Game/TopDownCPP/Maps/TopDownExampleMap.TopDownExampleMap to /Game/TopDownCPP/Maps/UEDPIE_0_TopDownExampleMap.TopDownExampleMap (0.028984s)
[2019.01.25-19.37.32:062][195]LogInit: XAudio2 using 'Speakers (Realtek High Definition Audio)' : 6 channels at 48 kHz using 32 bits per sample (channel mask 0x3f)
[2019.01.25-19.37.32:229][195]LogInit: FAudioDevice initialized.
[2019.01.25-19.37.32:278][195]LogLoad: Game class is 'BengHouseGameMode'
[2019.01.25-19.37.32:319][195]LogWorld: Bringing World /Game/TopDownCPP/Maps/UEDPIE_0_TopDownExampleMap.TopDownExampleMap up for play (max tick rate 60) at 2019.01.25-20.37.32
[2019.01.25-19.37.32:319][195]LogWorld: Bringing up level for play took: 0.001677
[2019.01.25-19.37.32:335][195]LogContentBrowser: Native class hierarchy updated for 'MovieSceneCapture' in 0.0005 seconds. Added 20 classes and 0 folders.
[2019.01.25-19.37.32:351][195]PIE: Play in editor start time for /Game/TopDownCPP/Maps/UEDPIE_0_TopDownExampleMap 1,279
[2019.01.25-19.37.32:351][195]LogBlueprintUserMessages: Late PlayInEditor Detection: Level '/Game/TopDownCPP/Maps/TopDownExampleMap.TopDownExampleMap:PersistentLevel' has LevelScriptBlueprint '/Game/TopDownCPP/Maps/TopDownExampleMap.TopDownExampleMap:PersistentLevel.TopDownExampleMap' with GeneratedClass '/Game/TopDownCPP/Maps/TopDownExampleMap.TopDownExampleMap_C' with ClassGeneratedBy '/Game/TopDownCPP/Maps/TopDownExampleMap.TopDownExampleMap:PersistentLevel.TopDownExampleMap'
[2019.01.25-19.37.46:528][ 42]LogSlate: FSceneViewport::OnFocusLost() reason 0
[2019.01.25-19.37.46:579][ 45]LogBlueprintUserMessages: Early EndPlayMap Detection: Level '/Game/TopDownCPP/Maps/TopDownExampleMap.TopDownExampleMap:PersistentLevel' has LevelScriptBlueprint '/Game/TopDownCPP/Maps/TopDownExampleMap.TopDownExampleMap:PersistentLevel.TopDownExampleMap' with GeneratedClass '/Game/TopDownCPP/Maps/TopDownExampleMap.TopDownExampleMap_C' with ClassGeneratedBy '/Game/TopDownCPP/Maps/TopDownExampleMap.TopDownExampleMap:PersistentLevel.TopDownExampleMap'
[2019.01.25-19.37.46:579][ 45]LogSlate: Updating window title bar state: overlay mode, drag disabled, window buttons hidden, title bar hidden
[2019.01.25-19.37.46:614][ 45]LogPlayLevel: Display: Shutting down PIE online subsystems
[2019.01.25-19.37.46:614][ 45]LogBlueprintUserMessages: Late EndPlayMap Detection: Level '/Game/TopDownCPP/Maps/TopDownExampleMap.TopDownExampleMap:PersistentLevel' has LevelScriptBlueprint '/Game/TopDownCPP/Maps/TopDownExampleMap.TopDownExampleMap:PersistentLevel.TopDownExampleMap' with GeneratedClass '/Game/TopDownCPP/Maps/TopDownExampleMap.TopDownExampleMap_C' with ClassGeneratedBy '/Game/TopDownCPP/Maps/TopDownExampleMap.TopDownExampleMap:PersistentLevel.TopDownExampleMap'
[2019.01.25-19.37.46:663][ 45]LogSlate: Updating window title bar state: overlay mode, drag disabled, window buttons hidden, title bar hidden
[2019.01.25-19.37.46:677][ 46]LogPlayLevel: Display: Destroying online subsystem :Context_1
[2019.01.25-19.42.07:635][392]LogSlate: FSceneViewport::OnFocusLost() reason 0
[2019.01.25-19.42.07:685][395]LogTemp: Repeating last play command: Selected Viewport
[2019.01.25-19.42.07:694][395]LogBlueprintUserMessages: Early PlayInEditor Detection: Level '/Game/TopDownCPP/Maps/TopDownExampleMap.TopDownExampleMap:PersistentLevel' has LevelScriptBlueprint '/Game/TopDownCPP/Maps/TopDownExampleMap.TopDownExampleMap:PersistentLevel.TopDownExampleMap' with GeneratedClass '/Game/TopDownCPP/Maps/TopDownExampleMap.TopDownExampleMap_C' with ClassGeneratedBy '/Game/TopDownCPP/Maps/TopDownExampleMap.TopDownExampleMap:PersistentLevel.TopDownExampleMap'
[2019.01.25-19.42.07:694][395]LogPlayLevel: PlayLevel: No blueprints needed recompiling
[2019.01.25-19.42.07:695][395]PIE: New page: PIE session: TopDownExampleMap (25 sty 2019, 21:42:07)
[2019.01.25-19.42.07:695][395]LogPlayLevel: Creating play world package: /Game/TopDownCPP/Maps/UEDPIE_0_TopDownExampleMap
[2019.01.25-19.42.07:713][395]LogPlayLevel: PIE: StaticDuplicateObject took: (0.017958s)
[2019.01.25-19.42.07:713][395]LogAIModule: Creating AISystem for world TopDownExampleMap
[2019.01.25-19.42.07:714][395]LogPlayLevel: PIE: World Init took: (0.000917s)
[2019.01.25-19.42.07:714][395]LogPlayLevel: PIE: Created PIE world by copying editor world from /Game/TopDownCPP/Maps/TopDownExampleMap.TopDownExampleMap to /Game/TopDownCPP/Maps/UEDPIE_0_TopDownExampleMap.TopDownExampleMap (0.019104s)
[2019.01.25-19.42.07:760][395]LogInit: XAudio2 using 'Speakers (Realtek High Definition Audio)' : 6 channels at 48 kHz using 32 bits per sample (channel mask 0x3f)
[2019.01.25-19.42.07:949][395]LogInit: FAudioDevice initialized.
[2019.01.25-19.42.07:987][395]LogLoad: Game class is 'BengHouseGameMode'
[2019.01.25-19.42.07:989][395]LogWorld: Bringing World /Game/TopDownCPP/Maps/UEDPIE_0_TopDownExampleMap.TopDownExampleMap up for play (max tick rate 60) at 2019.01.25-20.42.07
[2019.01.25-19.42.07:990][395]LogWorld: Bringing up level for play took: 0.001374
[2019.01.25-19.42.08:003][395]PIE: Play in editor start time for /Game/TopDownCPP/Maps/UEDPIE_0_TopDownExampleMap 0,931
[2019.01.25-19.42.08:003][395]LogBlueprintUserMessages: Late PlayInEditor Detection: Level '/Game/TopDownCPP/Maps/TopDownExampleMap.TopDownExampleMap:PersistentLevel' has LevelScriptBlueprint '/Game/TopDownCPP/Maps/TopDownExampleMap.TopDownExampleMap:PersistentLevel.TopDownExampleMap' with GeneratedClass '/Game/TopDownCPP/Maps/TopDownExampleMap.TopDownExampleMap_C' with ClassGeneratedBy '/Game/TopDownCPP/Maps/TopDownExampleMap.TopDownExampleMap:PersistentLevel.TopDownExampleMap'
[2019.01.25-19.43.27:468][966]LogSlate: FSceneViewport::OnFocusLost() reason 0
[2019.01.25-19.43.27:536][970]LogBlueprintUserMessages: Early EndPlayMap Detection: Level '/Game/TopDownCPP/Maps/TopDownExampleMap.TopDownExampleMap:PersistentLevel' has LevelScriptBlueprint '/Game/TopDownCPP/Maps/TopDownExampleMap.TopDownExampleMap:PersistentLevel.TopDownExampleMap' with GeneratedClass '/Game/TopDownCPP/Maps/TopDownExampleMap.TopDownExampleMap_C' with ClassGeneratedBy '/Game/TopDownCPP/Maps/TopDownExampleMap.TopDownExampleMap:PersistentLevel.TopDownExampleMap'
[2019.01.25-19.43.27:536][970]LogSlate: Updating window title bar state: overlay mode, drag disabled, window buttons hidden, title bar hidden
[2019.01.25-19.43.27:572][970]LogPlayLevel: Display: Shutting down PIE online subsystems
[2019.01.25-19.43.27:572][970]LogBlueprintUserMessages: Late EndPlayMap Detection: Level '/Game/TopDownCPP/Maps/TopDownExampleMap.TopDownExampleMap:PersistentLevel' has LevelScriptBlueprint '/Game/TopDownCPP/Maps/TopDownExampleMap.TopDownExampleMap:PersistentLevel.TopDownExampleMap' with GeneratedClass '/Game/TopDownCPP/Maps/TopDownExampleMap.TopDownExampleMap_C' with ClassGeneratedBy '/Game/TopDownCPP/Maps/TopDownExampleMap.TopDownExampleMap:PersistentLevel.TopDownExampleMap'
[2019.01.25-19.43.27:616][970]LogSlate: Updating window title bar state: overlay mode, drag disabled, window buttons hidden, title bar hidden
[2019.01.25-19.43.27:668][972]LogPlayLevel: Display: Destroying online subsystem :Context_2
[2019.01.25-19.46.42:293][833]LogTemp: Repeating last play command: Selected Viewport
[2019.01.25-19.46.42:303][833]LogBlueprintUserMessages: Early PlayInEditor Detection: Level '/Game/TopDownCPP/Maps/TopDownExampleMap.TopDownExampleMap:PersistentLevel' has LevelScriptBlueprint '/Game/TopDownCPP/Maps/TopDownExampleMap.TopDownExampleMap:PersistentLevel.TopDownExampleMap' with GeneratedClass '/Game/TopDownCPP/Maps/TopDownExampleMap.TopDownExampleMap_C' with ClassGeneratedBy '/Game/TopDownCPP/Maps/TopDownExampleMap.TopDownExampleMap:PersistentLevel.TopDownExampleMap'
[2019.01.25-19.46.42:303][833]LogPlayLevel: PlayLevel: No blueprints needed recompiling
[2019.01.25-19.46.42:303][833]PIE: New page: PIE session: TopDownExampleMap (25 sty 2019, 21:46:42)
[2019.01.25-19.46.42:303][833]LogPlayLevel: Creating play world package: /Game/TopDownCPP/Maps/UEDPIE_0_TopDownExampleMap
[2019.01.25-19.46.42:323][833]LogPlayLevel: PIE: StaticDuplicateObject took: (0.019510s)
[2019.01.25-19.46.42:324][833]LogAIModule: Creating AISystem for world TopDownExampleMap
[2019.01.25-19.46.42:324][833]LogPlayLevel: PIE: World Init took: (0.001287s)
[2019.01.25-19.46.42:324][833]LogPlayLevel: PIE: Created PIE world by copying editor world from /Game/TopDownCPP/Maps/TopDownExampleMap.TopDownExampleMap to /Game/TopDownCPP/Maps/UEDPIE_0_TopDownExampleMap.TopDownExampleMap (0.021015s)
[2019.01.25-19.46.42:368][833]LogInit: XAudio2 using 'Speakers (Realtek High Definition Audio)' : 6 channels at 48 kHz using 32 bits per sample (channel mask 0x3f)
[2019.01.25-19.46.42:560][833]LogInit: FAudioDevice initialized.
[2019.01.25-19.46.42:596][833]LogLoad: Game class is 'BengHouseGameMode'
[2019.01.25-19.46.42:598][833]LogWorld: Bringing World /Game/TopDownCPP/Maps/UEDPIE_0_TopDownExampleMap.TopDownExampleMap up for play (max tick rate 60) at 2019.01.25-20.46.42
[2019.01.25-19.46.42:598][833]LogWorld: Bringing up level for play took: 0.001625
[2019.01.25-19.46.42:612][833]PIE: Play in editor start time for /Game/TopDownCPP/Maps/UEDPIE_0_TopDownExampleMap -0,46
[2019.01.25-19.46.42:613][833]LogBlueprintUserMessages: Late PlayInEditor Detection: Level '/Game/TopDownCPP/Maps/TopDownExampleMap.TopDownExampleMap:PersistentLevel' has LevelScriptBlueprint '/Game/TopDownCPP/Maps/TopDownExampleMap.TopDownExampleMap:PersistentLevel.TopDownExampleMap' with GeneratedClass '/Game/TopDownCPP/Maps/TopDownExampleMap.TopDownExampleMap_C' with ClassGeneratedBy '/Game/TopDownCPP/Maps/TopDownExampleMap.TopDownExampleMap:PersistentLevel.TopDownExampleMap'
[2019.01.25-19.47.17:951][951]LogSlate: FSceneViewport::OnFocusLost() reason 0
[2019.01.25-19.47.18:003][954]LogBlueprintUserMessages: Early EndPlayMap Detection: Level '/Game/TopDownCPP/Maps/TopDownExampleMap.TopDownExampleMap:PersistentLevel' has LevelScriptBlueprint '/Game/TopDownCPP/Maps/TopDownExampleMap.TopDownExampleMap:PersistentLevel.TopDownExampleMap' with GeneratedClass '/Game/TopDownCPP/Maps/TopDownExampleMap.TopDownExampleMap_C' with ClassGeneratedBy '/Game/TopDownCPP/Maps/TopDownExampleMap.TopDownExampleMap:PersistentLevel.TopDownExampleMap'
[2019.01.25-19.47.18:004][954]LogSlate: Updating window title bar state: overlay mode, drag disabled, window buttons hidden, title bar hidden
[2019.01.25-19.47.18:038][954]LogPlayLevel: Display: Shutting down PIE online subsystems
[2019.01.25-19.47.18:038][954]LogBlueprintUserMessages: Late EndPlayMap Detection: Level '/Game/TopDownCPP/Maps/TopDownExampleMap.TopDownExampleMap:PersistentLevel' has LevelScriptBlueprint '/Game/TopDownCPP/Maps/TopDownExampleMap.TopDownExampleMap:PersistentLevel.TopDownExampleMap' with GeneratedClass '/Game/TopDownCPP/Maps/TopDownExampleMap.TopDownExampleMap_C' with ClassGeneratedBy '/Game/TopDownCPP/Maps/TopDownExampleMap.TopDownExampleMap:PersistentLevel.TopDownExampleMap'
[2019.01.25-19.47.18:084][954]LogSlate: Updating window title bar state: overlay mode, drag disabled, window buttons hidden, title bar hidden
[2019.01.25-19.47.18:104][955]LogPlayLevel: Display: Destroying online subsystem :Context_3
[2019.01.25-19.49.10:973][336]LogSlate: Took 0.000654 seconds to synchronously load lazily loaded font '../../../Engine/Content/Slate/Fonts/Roboto-Light.ttf' (167K)
[2019.01.25-19.49.20:022][363]LogFileHelpers: Editor autosave (incl. sublevels) for '/Game/TopDownCPP/Maps/TopDownExampleMap' took 0.025
[2019.01.25-20.05.53:754][903]LogSlate: Only BGRA pngs, bmps or icos are supported in by External Image Picker
[2019.01.25-20.05.53:919][906]LogTemp: Executing iPhonePackager certificates Engine -bundlename com.YourCompany.BengHouse
[2019.01.25-20.05.53:919][906]LogTemp: CWD: D:\Unreal\UE_4.21\Engine\Binaries\DotNET\IOS
[2019.01.25-20.05.53:919][906]LogTemp: Initial Dir: D:\Unreal\UE_4.21
[2019.01.25-20.05.53:919][906]LogTemp: Env CWD: D:\Unreal\UE_4.21\Engine\Binaries\DotNET\IOS
[2019.01.25-20.05.53:940][907]LogTemp: BranchPath = MSI/D/Unreal/UE_4.21/Engine/Binaries --- GameBranchPath = MSI/D/Unreal/UE_4.21/Engine/Binaries
[2019.01.25-20.05.53:951][908]LogTemp: IPP ERROR: Could not find provision directory 'C:\Users\Nozynski\AppData\Local/Apple Computer/MobileDevice/Provisioning Profiles/'.
[2019.01.25-20.07.29:731][633]LogSlate: Window 'Project Settings' being destroyed
[2019.01.25-20.07.29:737][633]LogSlate: Window 'Project Settings' being destroyed
[2019.01.25-20.07.52:035][966]LogAssetEditorManager: Opening Asset editor for Blueprint /Game/TopDownCPP/Blueprints/TopDownCharacter.TopDownCharacter
[2019.01.25-20.07.52:855][966]LogContentBrowser: Native class hierarchy updated for 'BlueprintGraph' in 0.0007 seconds. Added 117 classes and 0 folders.
[2019.01.25-20.07.58:291][ 22]LogSlate: Window 'TopDownCharacter' being destroyed
[2019.01.25-20.07.58:392][ 22]LogAssetEditorManager: Opening Asset editor for Blueprint /Game/TopDownCPP/Blueprints/TopDownCharacter.TopDownCharacter
[2019.01.25-20.07.58:922][ 22]LogSlate: Took 0.029170 seconds to synchronously load lazily loaded font '../../../Engine/Content/Slate/Fonts/Roboto-BoldCondensed.ttf' (158K)
[2019.01.25-20.08.17:298][ 11]LogSlate: Took 0.033697 seconds to synchronously load lazily loaded font '../../../Engine/Content/Slate/Fonts/Roboto-Italic.ttf' (157K)
[2019.01.25-20.08.23:538][383]BlueprintLog: New page: Compile TopDownCharacter
[2019.01.25-20.08.24:123][403]Cmd: OBJ SAVEPACKAGE PACKAGE="/Game/TopDownCPP/Blueprints/TopDownCharacter" FILE="C:/Users/Nozynski/Documents/Jamming/Content/TopDownCPP/Blueprints/TopDownCharacter.uasset" SILENT=true
[2019.01.25-20.08.24:150][403]LogSavePackage: Moving 'C:/Users/Nozynski/Documents/Jamming/Saved/TopDownCharacterD5DDA6ED40FA5613BECCDEAC27A366D7.tmp' to 'C:/Users/Nozynski/Documents/Jamming/Content/TopDownCPP/Blueprints/TopDownCharacter.uasset'
[2019.01.25-20.08.26:803][560]LogTemp: Repeating last play command: Selected Viewport
[2019.01.25-20.08.26:824][560]LogBlueprintUserMessages: Early PlayInEditor Detection: Level '/Game/TopDownCPP/Maps/TopDownExampleMap.TopDownExampleMap:PersistentLevel' has LevelScriptBlueprint '/Game/TopDownCPP/Maps/TopDownExampleMap.TopDownExampleMap:PersistentLevel.TopDownExampleMap' with GeneratedClass '/Game/TopDownCPP/Maps/TopDownExampleMap.TopDownExampleMap_C' with ClassGeneratedBy '/Game/TopDownCPP/Maps/TopDownExampleMap.TopDownExampleMap:PersistentLevel.TopDownExampleMap'
[2019.01.25-20.08.26:824][560]LogPlayLevel: PlayLevel: No blueprints needed recompiling
[2019.01.25-20.08.26:825][560]PIE: New page: PIE session: TopDownExampleMap (25 sty 2019, 22:08:26)
[2019.01.25-20.08.26:825][560]LogPlayLevel: Creating play world package: /Game/TopDownCPP/Maps/UEDPIE_0_TopDownExampleMap
[2019.01.25-20.08.26:844][560]LogPlayLevel: PIE: StaticDuplicateObject took: (0.019026s)
[2019.01.25-20.08.26:844][560]LogAIModule: Creating AISystem for world TopDownExampleMap
[2019.01.25-20.08.26:845][560]LogPlayLevel: PIE: World Init took: (0.000808s)
[2019.01.25-20.08.26:845][560]LogPlayLevel: PIE: Created PIE world by copying editor world from /Game/TopDownCPP/Maps/TopDownExampleMap.TopDownExampleMap to /Game/TopDownCPP/Maps/UEDPIE_0_TopDownExampleMap.TopDownExampleMap (0.020023s)
[2019.01.25-20.08.26:906][560]LogInit: XAudio2 using 'Speakers (Realtek High Definition Audio)' : 6 channels at 48 kHz using 32 bits per sample (channel mask 0x3f)
[2019.01.25-20.08.27:093][560]LogInit: FAudioDevice initialized.
[2019.01.25-20.08.27:128][560]LogLoad: Game class is 'BengHouseGameMode'
[2019.01.25-20.08.27:131][560]LogWorld: Bringing World /Game/TopDownCPP/Maps/UEDPIE_0_TopDownExampleMap.TopDownExampleMap up for play (max tick rate 60) at 2019.01.25-21.08.27
[2019.01.25-20.08.27:131][560]LogWorld: Bringing up level for play took: 0.001857
[2019.01.25-20.08.27:145][560]PIE: Play in editor start time for /Game/TopDownCPP/Maps/UEDPIE_0_TopDownExampleMap 0,073
[2019.01.25-20.08.27:145][560]LogBlueprintUserMessages: Late PlayInEditor Detection: Level '/Game/TopDownCPP/Maps/TopDownExampleMap.TopDownExampleMap:PersistentLevel' has LevelScriptBlueprint '/Game/TopDownCPP/Maps/TopDownExampleMap.TopDownExampleMap:PersistentLevel.TopDownExampleMap' with GeneratedClass '/Game/TopDownCPP/Maps/TopDownExampleMap.TopDownExampleMap_C' with ClassGeneratedBy '/Game/TopDownCPP/Maps/TopDownExampleMap.TopDownExampleMap:PersistentLevel.TopDownExampleMap'
[2019.01.25-20.08.33:163][920]LogSlate: FSceneViewport::OnFocusLost() reason 0
[2019.01.25-20.08.33:514][941]LogBlueprintUserMessages: Early EndPlayMap Detection: Level '/Game/TopDownCPP/Maps/TopDownExampleMap.TopDownExampleMap:PersistentLevel' has LevelScriptBlueprint '/Game/TopDownCPP/Maps/TopDownExampleMap.TopDownExampleMap:PersistentLevel.TopDownExampleMap' with GeneratedClass '/Game/TopDownCPP/Maps/TopDownExampleMap.TopDownExampleMap_C' with ClassGeneratedBy '/Game/TopDownCPP/Maps/TopDownExampleMap.TopDownExampleMap:PersistentLevel.TopDownExampleMap'
[2019.01.25-20.08.33:515][941]LogSlate: Updating window title bar state: overlay mode, drag disabled, window buttons hidden, title bar hidden
[2019.01.25-20.08.33:555][941]LogPlayLevel: Display: Shutting down PIE online subsystems
[2019.01.25-20.08.33:555][941]LogBlueprintUserMessages: Late EndPlayMap Detection: Level '/Game/TopDownCPP/Maps/TopDownExampleMap.TopDownExampleMap:PersistentLevel' has LevelScriptBlueprint '/Game/TopDownCPP/Maps/TopDownExampleMap.TopDownExampleMap:PersistentLevel.TopDownExampleMap' with GeneratedClass '/Game/TopDownCPP/Maps/TopDownExampleMap.TopDownExampleMap_C' with ClassGeneratedBy '/Game/TopDownCPP/Maps/TopDownExampleMap.TopDownExampleMap:PersistentLevel.TopDownExampleMap'
[2019.01.25-20.08.33:605][941]LogSlate: Updating window title bar state: overlay mode, drag disabled, window buttons hidden, title bar hidden
[2019.01.25-20.08.33:626][942]LogPlayLevel: Display: Destroying online subsystem :Context_10
[2019.01.25-20.08.53:030][ 58]BlueprintLog: New page: Compile TopDownCharacter
[2019.01.25-20.08.53:434][ 68]Cmd: OBJ SAVEPACKAGE PACKAGE="/Game/TopDownCPP/Blueprints/TopDownCharacter" FILE="C:/Users/Nozynski/Documents/Jamming/Content/TopDownCPP/Blueprints/TopDownCharacter.uasset" SILENT=true
[2019.01.25-20.08.53:461][ 68]LogSavePackage: Moving 'C:/Users/Nozynski/Documents/Jamming/Saved/TopDownCharacter501D240745C48C401DAC2E9E2F2E012E.tmp' to 'C:/Users/Nozynski/Documents/Jamming/Content/TopDownCPP/Blueprints/TopDownCharacter.uasset'
[2019.01.25-20.09.05:309][600]BlueprintLog: New page: Compile TopDownCharacter
[2019.01.25-20.09.05:731][611]Cmd: OBJ SAVEPACKAGE PACKAGE="/Game/TopDownCPP/Blueprints/TopDownCharacter" FILE="C:/Users/Nozynski/Documents/Jamming/Content/TopDownCPP/Blueprints/TopDownCharacter.uasset" SILENT=true
[2019.01.25-20.09.05:756][611]LogSavePackage: Moving 'C:/Users/Nozynski/Documents/Jamming/Saved/TopDownCharacter4DEFBC0C46D91C96C53F81BD5428D39C.tmp' to 'C:/Users/Nozynski/Documents/Jamming/Content/TopDownCPP/Blueprints/TopDownCharacter.uasset'
[2019.01.25-20.09.07:659][724]LogTemp: Repeating last play command: Selected Viewport
[2019.01.25-20.09.07:672][724]LogBlueprintUserMessages: Early PlayInEditor Detection: Level '/Game/TopDownCPP/Maps/TopDownExampleMap.TopDownExampleMap:PersistentLevel' has LevelScriptBlueprint '/Game/TopDownCPP/Maps/TopDownExampleMap.TopDownExampleMap:PersistentLevel.TopDownExampleMap' with GeneratedClass '/Game/TopDownCPP/Maps/TopDownExampleMap.TopDownExampleMap_C' with ClassGeneratedBy '/Game/TopDownCPP/Maps/TopDownExampleMap.TopDownExampleMap:PersistentLevel.TopDownExampleMap'
[2019.01.25-20.09.07:672][724]LogPlayLevel: PlayLevel: No blueprints needed recompiling
[2019.01.25-20.09.07:672][724]PIE: New page: PIE session: TopDownExampleMap (25 sty 2019, 22:09:07)
[2019.01.25-20.09.07:672][724]LogPlayLevel: Creating play world package: /Game/TopDownCPP/Maps/UEDPIE_0_TopDownExampleMap
[2019.01.25-20.09.07:689][724]LogPlayLevel: PIE: StaticDuplicateObject took: (0.016532s)
[2019.01.25-20.09.07:690][724]LogAIModule: Creating AISystem for world TopDownExampleMap
[2019.01.25-20.09.07:690][724]LogPlayLevel: PIE: World Init took: (0.001126s)
[2019.01.25-20.09.07:690][724]LogPlayLevel: PIE: Created PIE world by copying editor world from /Game/TopDownCPP/Maps/TopDownExampleMap.TopDownExampleMap to /Game/TopDownCPP/Maps/UEDPIE_0_TopDownExampleMap.TopDownExampleMap (0.017864s)
[2019.01.25-20.09.07:740][724]LogInit: XAudio2 using 'Speakers (Realtek High Definition Audio)' : 6 channels at 48 kHz using 32 bits per sample (channel mask 0x3f)
[2019.01.25-20.09.07:924][724]LogInit: FAudioDevice initialized.
[2019.01.25-20.09.07:955][724]LogLoad: Game class is 'BengHouseGameMode'
[2019.01.25-20.09.07:958][724]LogWorld: Bringing World /Game/TopDownCPP/Maps/UEDPIE_0_TopDownExampleMap.TopDownExampleMap up for play (max tick rate 60) at 2019.01.25-21.09.07
[2019.01.25-20.09.07:958][724]LogWorld: Bringing up level for play took: 0.001752
[2019.01.25-20.09.07:972][724]PIE: Play in editor start time for /Game/TopDownCPP/Maps/UEDPIE_0_TopDownExampleMap 0,9
[2019.01.25-20.09.07:972][724]LogBlueprintUserMessages: Late PlayInEditor Detection: Level '/Game/TopDownCPP/Maps/TopDownExampleMap.TopDownExampleMap:PersistentLevel' has LevelScriptBlueprint '/Game/TopDownCPP/Maps/TopDownExampleMap.TopDownExampleMap:PersistentLevel.TopDownExampleMap' with GeneratedClass '/Game/TopDownCPP/Maps/TopDownExampleMap.TopDownExampleMap_C' with ClassGeneratedBy '/Game/TopDownCPP/Maps/TopDownExampleMap.TopDownExampleMap:PersistentLevel.TopDownExampleMap'
[2019.01.25-20.10.10:144][435]LogSlate: FSceneViewport::OnFocusLost() reason 2
[2019.01.25-20.10.11:268][502]LogSlate: FSceneViewport::OnFocusLost() reason 2
[2019.01.25-20.10.12:442][502]LogSlate: Only BGRA pngs, bmps or icos are supported in by External Image Picker
[2019.01.25-20.10.12:700][512]LogTemp: Executing iPhonePackager certificates Engine -bundlename com.YourCompany.BengHouse
[2019.01.25-20.10.12:700][512]LogTemp: CWD: D:\Unreal\UE_4.21\Engine\Binaries\DotNET\IOS
[2019.01.25-20.10.12:700][512]LogTemp: Initial Dir: D:\Unreal\UE_4.21
[2019.01.25-20.10.12:700][512]LogTemp: Env CWD: D:\Unreal\UE_4.21\Engine\Binaries\DotNET\IOS
[2019.01.25-20.10.12:700][512]LogTemp: BranchPath = MSI/D/Unreal/UE_4.21/Engine/Binaries --- GameBranchPath = MSI/D/Unreal/UE_4.21/Engine/Binaries
[2019.01.25-20.10.12:714][513]LogTemp: IPP ERROR: Could not find provision directory 'C:\Users\Nozynski\AppData\Local/Apple Computer/MobileDevice/Provisioning Profiles/'.
[2019.01.25-20.13.36:933][  2]LogSlate: FSceneViewport::OnFocusLost() reason 2
[2019.01.25-20.13.39:293][111]LogBlueprintUserMessages: Early EndPlayMap Detection: Level '/Game/TopDownCPP/Maps/TopDownExampleMap.TopDownExampleMap:PersistentLevel' has LevelScriptBlueprint '/Game/TopDownCPP/Maps/TopDownExampleMap.TopDownExampleMap:PersistentLevel.TopDownExampleMap' with GeneratedClass '/Game/TopDownCPP/Maps/TopDownExampleMap.TopDownExampleMap_C' with ClassGeneratedBy '/Game/TopDownCPP/Maps/TopDownExampleMap.TopDownExampleMap:PersistentLevel.TopDownExampleMap'
[2019.01.25-20.13.39:293][111]LogSlate: Updating window title bar state: overlay mode, drag disabled, window buttons hidden, title bar hidden
[2019.01.25-20.13.39:331][111]LogPlayLevel: Display: Shutting down PIE online subsystems
[2019.01.25-20.13.39:331][111]LogBlueprintUserMessages: Late EndPlayMap Detection: Level '/Game/TopDownCPP/Maps/TopDownExampleMap.TopDownExampleMap:PersistentLevel' has LevelScriptBlueprint '/Game/TopDownCPP/Maps/TopDownExampleMap.TopDownExampleMap:PersistentLevel.TopDownExampleMap' with GeneratedClass '/Game/TopDownCPP/Maps/TopDownExampleMap.TopDownExampleMap_C' with ClassGeneratedBy '/Game/TopDownCPP/Maps/TopDownExampleMap.TopDownExampleMap:PersistentLevel.TopDownExampleMap'
[2019.01.25-20.13.39:386][111]LogSlate: Updating window title bar state: overlay mode, drag disabled, window buttons hidden, title bar hidden
[2019.01.25-20.13.39:406][112]LogPlayLevel: Display: Destroying online subsystem :Context_11
[2019.01.25-20.13.41:139][216]LogSlate: FSceneViewport::OnFocusLost() reason 0
